{"numTotalTestSuites":38,"numPassedTestSuites":4,"numFailedTestSuites":34,"numPendingTestSuites":0,"numTotalTests":75,"numPassedTests":16,"numFailedTests":59,"numPendingTests":0,"numTodoTests":0,"snapshot":{"added":0,"failure":false,"filesAdded":0,"filesRemoved":0,"filesRemovedList":[],"filesUnmatched":0,"filesUpdated":0,"matched":0,"total":0,"unchecked":0,"uncheckedKeysByFile":[],"unmatched":0,"updated":0,"didUpdate":false},"startTime":1760865974459,"success":false,"testResults":[{"assertionResults":[{"ancestorTitles":["AppController","root"],"fullName":"AppController root should return \"Hello World!\"","status":"failed","title":"should return \"Hello World!\"","duration":11.668369999999868,"failureMessages":["TypeError: Cannot read properties of undefined (reading 'getHello')\n    at AppController.getHello (/home/ubuntu/worktrees/pro/apps/crawler/src/app.controller.ts:10:28)\n    at /home/ubuntu/worktrees/pro/apps/crawler/src/app.controller.spec.ts:21:28\n    at file:///home/ubuntu/worktrees/pro/node_modules/@vitest/runner/dist/chunk-hooks.js:155:11\n    at file:///home/ubuntu/worktrees/pro/node_modules/@vitest/runner/dist/chunk-hooks.js:752:26\n    at file:///home/ubuntu/worktrees/pro/node_modules/@vitest/runner/dist/chunk-hooks.js:1897:20\n    at new Promise (<anonymous>)\n    at runWithTimeout (file:///home/ubuntu/worktrees/pro/node_modules/@vitest/runner/dist/chunk-hooks.js:1863:10)\n    at runTest (file:///home/ubuntu/worktrees/pro/node_modules/@vitest/runner/dist/chunk-hooks.js:1574:12)\n    at runSuite (file:///home/ubuntu/worktrees/pro/node_modules/@vitest/runner/dist/chunk-hooks.js:1729:8)\n    at runSuite (file:///home/ubuntu/worktrees/pro/node_modules/@vitest/runner/dist/chunk-hooks.js:1729:8)"],"location":{"line":20,"column":5},"meta":{}},{"ancestorTitles":["AppController","root"],"fullName":"AppController root should be defined","status":"passed","title":"should be defined","duration":3.250797000000148,"failureMessages":[],"location":{"line":24,"column":5},"meta":{}}],"startTime":1760865977130,"endTime":1760865977145.2507,"status":"failed","message":"","name":"/home/ubuntu/worktrees/pro/apps/crawler/src/app.controller.spec.ts"},{"assertionResults":[{"ancestorTitles":["WeiboContentParser - 微博内容解析器的艺术性测试","parseWeiboContent - 微博内容解析的核心艺术"],"fullName":"WeiboContentParser - 微博内容解析器的艺术性测试 parseWeiboContent - 微博内容解析的核心艺术 应该优雅地解析完整的微博数据","status":"failed","title":"应该优雅地解析完整的微博数据","duration":2.339787000000115,"failureMessages":["ReferenceError: jest is not defined\n    at /home/ubuntu/worktrees/pro/apps/crawler/src/data-cleaner/weibo-content-parser.spec.ts:91:12\n    at file:///home/ubuntu/worktrees/pro/node_modules/@vitest/runner/dist/chunk-hooks.js:155:11\n    at file:///home/ubuntu/worktrees/pro/node_modules/@vitest/runner/dist/chunk-hooks.js:1897:20\n    at new Promise (<anonymous>)\n    at runWithTimeout (file:///home/ubuntu/worktrees/pro/node_modules/@vitest/runner/dist/chunk-hooks.js:1863:10)\n    at runHook (file:///home/ubuntu/worktrees/pro/node_modules/@vitest/runner/dist/chunk-hooks.js:1436:51)\n    at callSuiteHook (file:///home/ubuntu/worktrees/pro/node_modules/@vitest/runner/dist/chunk-hooks.js:1442:25)\n    at callSuiteHook (file:///home/ubuntu/worktrees/pro/node_modules/@vitest/runner/dist/chunk-hooks.js:1429:21)\n    at runTest (file:///home/ubuntu/worktrees/pro/node_modules/@vitest/runner/dist/chunk-hooks.js:1566:26)\n    at runSuite (file:///home/ubuntu/worktrees/pro/node_modules/@vitest/runner/dist/chunk-hooks.js:1729:8)"],"location":{"line":117,"column":5},"meta":{}},{"ancestorTitles":["WeiboContentParser - 微博内容解析器的艺术性测试","parseWeiboContent - 微博内容解析的核心艺术"],"fullName":"WeiboContentParser - 微博内容解析器的艺术性测试 parseWeiboContent - 微博内容解析的核心艺术 应该处理空数据并返回空结果","status":"failed","title":"应该处理空数据并返回空结果","duration":0.8171279999999115,"failureMessages":["ReferenceError: jest is not defined\n    at /home/ubuntu/worktrees/pro/apps/crawler/src/data-cleaner/weibo-content-parser.spec.ts:91:12\n    at file:///home/ubuntu/worktrees/pro/node_modules/@vitest/runner/dist/chunk-hooks.js:155:11\n    at file:///home/ubuntu/worktrees/pro/node_modules/@vitest/runner/dist/chunk-hooks.js:1897:20\n    at new Promise (<anonymous>)\n    at runWithTimeout (file:///home/ubuntu/worktrees/pro/node_modules/@vitest/runner/dist/chunk-hooks.js:1863:10)\n    at runHook (file:///home/ubuntu/worktrees/pro/node_modules/@vitest/runner/dist/chunk-hooks.js:1436:51)\n    at callSuiteHook (file:///home/ubuntu/worktrees/pro/node_modules/@vitest/runner/dist/chunk-hooks.js:1442:25)\n    at callSuiteHook (file:///home/ubuntu/worktrees/pro/node_modules/@vitest/runner/dist/chunk-hooks.js:1429:21)\n    at runTest (file:///home/ubuntu/worktrees/pro/node_modules/@vitest/runner/dist/chunk-hooks.js:1566:26)\n    at runSuite (file:///home/ubuntu/worktrees/pro/node_modules/@vitest/runner/dist/chunk-hooks.js:1729:8)"],"location":{"line":147,"column":5},"meta":{}},{"ancestorTitles":["WeiboContentParser - 微博内容解析器的艺术性测试","parseWeiboContent - 微博内容解析的核心艺术"],"fullName":"WeiboContentParser - 微博内容解析器的艺术性测试 parseWeiboContent - 微博内容解析的核心艺术 应该处理无效数据并优雅地失败","status":"failed","title":"应该处理无效数据并优雅地失败","duration":0.7959359999999833,"failureMessages":["ReferenceError: jest is not defined\n    at /home/ubuntu/worktrees/pro/apps/crawler/src/data-cleaner/weibo-content-parser.spec.ts:91:12\n    at file:///home/ubuntu/worktrees/pro/node_modules/@vitest/runner/dist/chunk-hooks.js:155:11\n    at file:///home/ubuntu/worktrees/pro/node_modules/@vitest/runner/dist/chunk-hooks.js:1897:20\n    at new Promise (<anonymous>)\n    at runWithTimeout (file:///home/ubuntu/worktrees/pro/node_modules/@vitest/runner/dist/chunk-hooks.js:1863:10)\n    at runHook (file:///home/ubuntu/worktrees/pro/node_modules/@vitest/runner/dist/chunk-hooks.js:1436:51)\n    at callSuiteHook (file:///home/ubuntu/worktrees/pro/node_modules/@vitest/runner/dist/chunk-hooks.js:1442:25)\n    at callSuiteHook (file:///home/ubuntu/worktrees/pro/node_modules/@vitest/runner/dist/chunk-hooks.js:1429:21)\n    at runTest (file:///home/ubuntu/worktrees/pro/node_modules/@vitest/runner/dist/chunk-hooks.js:1566:26)\n    at runSuite (file:///home/ubuntu/worktrees/pro/node_modules/@vitest/runner/dist/chunk-hooks.js:1729:8)"],"location":{"line":157,"column":5},"meta":{}},{"ancestorTitles":["WeiboContentParser - 微博内容解析器的艺术性测试","parseWeiboContent - 微博内容解析的核心艺术"],"fullName":"WeiboContentParser - 微博内容解析器的艺术性测试 parseWeiboContent - 微博内容解析的核心艺术 应该根据选项控制解析行为","status":"failed","title":"应该根据选项控制解析行为","duration":0.7085329999999885,"failureMessages":["ReferenceError: jest is not defined\n    at /home/ubuntu/worktrees/pro/apps/crawler/src/data-cleaner/weibo-content-parser.spec.ts:91:12\n    at file:///home/ubuntu/worktrees/pro/node_modules/@vitest/runner/dist/chunk-hooks.js:155:11\n    at file:///home/ubuntu/worktrees/pro/node_modules/@vitest/runner/dist/chunk-hooks.js:1897:20\n    at new Promise (<anonymous>)\n    at runWithTimeout (file:///home/ubuntu/worktrees/pro/node_modules/@vitest/runner/dist/chunk-hooks.js:1863:10)\n    at runHook (file:///home/ubuntu/worktrees/pro/node_modules/@vitest/runner/dist/chunk-hooks.js:1436:51)\n    at callSuiteHook (file:///home/ubuntu/worktrees/pro/node_modules/@vitest/runner/dist/chunk-hooks.js:1442:25)\n    at callSuiteHook (file:///home/ubuntu/worktrees/pro/node_modules/@vitest/runner/dist/chunk-hooks.js:1429:21)\n    at runTest (file:///home/ubuntu/worktrees/pro/node_modules/@vitest/runner/dist/chunk-hooks.js:1566:26)\n    at runSuite (file:///home/ubuntu/worktrees/pro/node_modules/@vitest/runner/dist/chunk-hooks.js:1729:8)"],"location":{"line":166,"column":5},"meta":{}},{"ancestorTitles":["WeiboContentParser - 微博内容解析器的艺术性测试","时间戳处理 - MediaCrawler启发的标准化艺术"],"fullName":"WeiboContentParser - 微博内容解析器的艺术性测试 时间戳处理 - MediaCrawler启发的标准化艺术 应该正确解析相对时间","status":"failed","title":"应该正确解析相对时间","duration":0.7313649999998688,"failureMessages":["ReferenceError: jest is not defined\n    at /home/ubuntu/worktrees/pro/apps/crawler/src/data-cleaner/weibo-content-parser.spec.ts:91:12\n    at file:///home/ubuntu/worktrees/pro/node_modules/@vitest/runner/dist/chunk-hooks.js:155:11\n    at file:///home/ubuntu/worktrees/pro/node_modules/@vitest/runner/dist/chunk-hooks.js:1897:20\n    at new Promise (<anonymous>)\n    at runWithTimeout (file:///home/ubuntu/worktrees/pro/node_modules/@vitest/runner/dist/chunk-hooks.js:1863:10)\n    at runHook (file:///home/ubuntu/worktrees/pro/node_modules/@vitest/runner/dist/chunk-hooks.js:1436:51)\n    at callSuiteHook (file:///home/ubuntu/worktrees/pro/node_modules/@vitest/runner/dist/chunk-hooks.js:1442:25)\n    at callSuiteHook (file:///home/ubuntu/worktrees/pro/node_modules/@vitest/runner/dist/chunk-hooks.js:1429:21)\n    at runTest (file:///home/ubuntu/worktrees/pro/node_modules/@vitest/runner/dist/chunk-hooks.js:1566:26)\n    at runSuite (file:///home/ubuntu/worktrees/pro/node_modules/@vitest/runner/dist/chunk-hooks.js:1729:8)"],"location":{"line":183,"column":5},"meta":{}},{"ancestorTitles":["WeiboContentParser - 微博内容解析器的艺术性测试","时间戳处理 - MediaCrawler启发的标准化艺术"],"fullName":"WeiboContentParser - 微博内容解析器的艺术性测试 时间戳处理 - MediaCrawler启发的标准化艺术 应该处理\"刚刚\"时间","status":"failed","title":"应该处理\"刚刚\"时间","duration":0.8357180000000426,"failureMessages":["ReferenceError: jest is not defined\n    at /home/ubuntu/worktrees/pro/apps/crawler/src/data-cleaner/weibo-content-parser.spec.ts:91:12\n    at file:///home/ubuntu/worktrees/pro/node_modules/@vitest/runner/dist/chunk-hooks.js:155:11\n    at file:///home/ubuntu/worktrees/pro/node_modules/@vitest/runner/dist/chunk-hooks.js:1897:20\n    at new Promise (<anonymous>)\n    at runWithTimeout (file:///home/ubuntu/worktrees/pro/node_modules/@vitest/runner/dist/chunk-hooks.js:1863:10)\n    at runHook (file:///home/ubuntu/worktrees/pro/node_modules/@vitest/runner/dist/chunk-hooks.js:1436:51)\n    at callSuiteHook (file:///home/ubuntu/worktrees/pro/node_modules/@vitest/runner/dist/chunk-hooks.js:1442:25)\n    at callSuiteHook (file:///home/ubuntu/worktrees/pro/node_modules/@vitest/runner/dist/chunk-hooks.js:1429:21)\n    at runTest (file:///home/ubuntu/worktrees/pro/node_modules/@vitest/runner/dist/chunk-hooks.js:1566:26)\n    at runSuite (file:///home/ubuntu/worktrees/pro/node_modules/@vitest/runner/dist/chunk-hooks.js:1729:8)"],"location":{"line":202,"column":5},"meta":{}},{"ancestorTitles":["WeiboContentParser - 微博内容解析器的艺术性测试","内容清理和解析 - 文本的艺术性处理"],"fullName":"WeiboContentParser - 微博内容解析器的艺术性测试 内容清理和解析 - 文本的艺术性处理 应该正确清理HTML标签和实体","status":"failed","title":"应该正确清理HTML标签和实体","duration":0.5892079999998714,"failureMessages":["ReferenceError: jest is not defined\n    at /home/ubuntu/worktrees/pro/apps/crawler/src/data-cleaner/weibo-content-parser.spec.ts:91:12\n    at file:///home/ubuntu/worktrees/pro/node_modules/@vitest/runner/dist/chunk-hooks.js:155:11\n    at file:///home/ubuntu/worktrees/pro/node_modules/@vitest/runner/dist/chunk-hooks.js:1897:20\n    at new Promise (<anonymous>)\n    at runWithTimeout (file:///home/ubuntu/worktrees/pro/node_modules/@vitest/runner/dist/chunk-hooks.js:1863:10)\n    at runHook (file:///home/ubuntu/worktrees/pro/node_modules/@vitest/runner/dist/chunk-hooks.js:1436:51)\n    at callSuiteHook (file:///home/ubuntu/worktrees/pro/node_modules/@vitest/runner/dist/chunk-hooks.js:1442:25)\n    at callSuiteHook (file:///home/ubuntu/worktrees/pro/node_modules/@vitest/runner/dist/chunk-hooks.js:1429:21)\n    at runTest (file:///home/ubuntu/worktrees/pro/node_modules/@vitest/runner/dist/chunk-hooks.js:1566:26)\n    at runSuite (file:///home/ubuntu/worktrees/pro/node_modules/@vitest/runner/dist/chunk-hooks.js:1729:8)"],"location":{"line":223,"column":5},"meta":{}},{"ancestorTitles":["WeiboContentParser - 微博内容解析器的艺术性测试","内容清理和解析 - 文本的艺术性处理"],"fullName":"WeiboContentParser - 微博内容解析器的艺术性测试 内容清理和解析 - 文本的艺术性处理 应该正确提取话题标签","status":"failed","title":"应该正确提取话题标签","duration":0.6775800000000345,"failureMessages":["ReferenceError: jest is not defined\n    at /home/ubuntu/worktrees/pro/apps/crawler/src/data-cleaner/weibo-content-parser.spec.ts:91:12\n    at file:///home/ubuntu/worktrees/pro/node_modules/@vitest/runner/dist/chunk-hooks.js:155:11\n    at file:///home/ubuntu/worktrees/pro/node_modules/@vitest/runner/dist/chunk-hooks.js:1897:20\n    at new Promise (<anonymous>)\n    at runWithTimeout (file:///home/ubuntu/worktrees/pro/node_modules/@vitest/runner/dist/chunk-hooks.js:1863:10)\n    at runHook (file:///home/ubuntu/worktrees/pro/node_modules/@vitest/runner/dist/chunk-hooks.js:1436:51)\n    at callSuiteHook (file:///home/ubuntu/worktrees/pro/node_modules/@vitest/runner/dist/chunk-hooks.js:1442:25)\n    at callSuiteHook (file:///home/ubuntu/worktrees/pro/node_modules/@vitest/runner/dist/chunk-hooks.js:1429:21)\n    at runTest (file:///home/ubuntu/worktrees/pro/node_modules/@vitest/runner/dist/chunk-hooks.js:1566:26)\n    at runSuite (file:///home/ubuntu/worktrees/pro/node_modules/@vitest/runner/dist/chunk-hooks.js:1729:8)"],"location":{"line":241,"column":5},"meta":{}},{"ancestorTitles":["WeiboContentParser - 微博内容解析器的艺术性测试","内容清理和解析 - 文本的艺术性处理"],"fullName":"WeiboContentParser - 微博内容解析器的艺术性测试 内容清理和解析 - 文本的艺术性处理 应该正确提取提及用户","status":"failed","title":"应该正确提取提及用户","duration":0.8821749999999611,"failureMessages":["ReferenceError: jest is not defined\n    at /home/ubuntu/worktrees/pro/apps/crawler/src/data-cleaner/weibo-content-parser.spec.ts:91:12\n    at file:///home/ubuntu/worktrees/pro/node_modules/@vitest/runner/dist/chunk-hooks.js:155:11\n    at file:///home/ubuntu/worktrees/pro/node_modules/@vitest/runner/dist/chunk-hooks.js:1897:20\n    at new Promise (<anonymous>)\n    at runWithTimeout (file:///home/ubuntu/worktrees/pro/node_modules/@vitest/runner/dist/chunk-hooks.js:1863:10)\n    at runHook (file:///home/ubuntu/worktrees/pro/node_modules/@vitest/runner/dist/chunk-hooks.js:1436:51)\n    at callSuiteHook (file:///home/ubuntu/worktrees/pro/node_modules/@vitest/runner/dist/chunk-hooks.js:1442:25)\n    at callSuiteHook (file:///home/ubuntu/worktrees/pro/node_modules/@vitest/runner/dist/chunk-hooks.js:1429:21)\n    at runTest (file:///home/ubuntu/worktrees/pro/node_modules/@vitest/runner/dist/chunk-hooks.js:1566:26)\n    at runSuite (file:///home/ubuntu/worktrees/pro/node_modules/@vitest/runner/dist/chunk-hooks.js:1729:8)"],"location":{"line":258,"column":5},"meta":{}},{"ancestorTitles":["WeiboContentParser - 微博内容解析器的艺术性测试","用户信息解析 - 用户画像的艺术性构建"],"fullName":"WeiboContentParser - 微博内容解析器的艺术性测试 用户信息解析 - 用户画像的艺术性构建 应该正确解析用户认证信息","status":"failed","title":"应该正确解析用户认证信息","duration":0.6965240000001813,"failureMessages":["ReferenceError: jest is not defined\n    at /home/ubuntu/worktrees/pro/apps/crawler/src/data-cleaner/weibo-content-parser.spec.ts:91:12\n    at file:///home/ubuntu/worktrees/pro/node_modules/@vitest/runner/dist/chunk-hooks.js:155:11\n    at file:///home/ubuntu/worktrees/pro/node_modules/@vitest/runner/dist/chunk-hooks.js:1897:20\n    at new Promise (<anonymous>)\n    at runWithTimeout (file:///home/ubuntu/worktrees/pro/node_modules/@vitest/runner/dist/chunk-hooks.js:1863:10)\n    at runHook (file:///home/ubuntu/worktrees/pro/node_modules/@vitest/runner/dist/chunk-hooks.js:1436:51)\n    at callSuiteHook (file:///home/ubuntu/worktrees/pro/node_modules/@vitest/runner/dist/chunk-hooks.js:1442:25)\n    at callSuiteHook (file:///home/ubuntu/worktrees/pro/node_modules/@vitest/runner/dist/chunk-hooks.js:1429:21)\n    at runTest (file:///home/ubuntu/worktrees/pro/node_modules/@vitest/runner/dist/chunk-hooks.js:1566:26)\n    at runSuite (file:///home/ubuntu/worktrees/pro/node_modules/@vitest/runner/dist/chunk-hooks.js:1729:8)"],"location":{"line":277,"column":5},"meta":{}},{"ancestorTitles":["WeiboContentParser - 微博内容解析器的艺术性测试","用户信息解析 - 用户画像的艺术性构建"],"fullName":"WeiboContentParser - 微博内容解析器的艺术性测试 用户信息解析 - 用户画像的艺术性构建 应该计算用户影响力分数","status":"failed","title":"应该计算用户影响力分数","duration":0.924724999999853,"failureMessages":["ReferenceError: jest is not defined\n    at /home/ubuntu/worktrees/pro/apps/crawler/src/data-cleaner/weibo-content-parser.spec.ts:91:12\n    at file:///home/ubuntu/worktrees/pro/node_modules/@vitest/runner/dist/chunk-hooks.js:155:11\n    at file:///home/ubuntu/worktrees/pro/node_modules/@vitest/runner/dist/chunk-hooks.js:1897:20\n    at new Promise (<anonymous>)\n    at runWithTimeout (file:///home/ubuntu/worktrees/pro/node_modules/@vitest/runner/dist/chunk-hooks.js:1863:10)\n    at runHook (file:///home/ubuntu/worktrees/pro/node_modules/@vitest/runner/dist/chunk-hooks.js:1436:51)\n    at callSuiteHook (file:///home/ubuntu/worktrees/pro/node_modules/@vitest/runner/dist/chunk-hooks.js:1442:25)\n    at callSuiteHook (file:///home/ubuntu/worktrees/pro/node_modules/@vitest/runner/dist/chunk-hooks.js:1429:21)\n    at runTest (file:///home/ubuntu/worktrees/pro/node_modules/@vitest/runner/dist/chunk-hooks.js:1566:26)\n    at runSuite (file:///home/ubuntu/worktrees/pro/node_modules/@vitest/runner/dist/chunk-hooks.js:1729:8)"],"location":{"line":286,"column":5},"meta":{}},{"ancestorTitles":["WeiboContentParser - 微博内容解析器的艺术性测试","用户信息解析 - 用户画像的艺术性构建"],"fullName":"WeiboContentParser - 微博内容解析器的艺术性测试 用户信息解析 - 用户画像的艺术性构建 应该正确解析用户统计信息","status":"failed","title":"应该正确解析用户统计信息","duration":0.6844509999998536,"failureMessages":["ReferenceError: jest is not defined\n    at /home/ubuntu/worktrees/pro/apps/crawler/src/data-cleaner/weibo-content-parser.spec.ts:91:12\n    at file:///home/ubuntu/worktrees/pro/node_modules/@vitest/runner/dist/chunk-hooks.js:155:11\n    at file:///home/ubuntu/worktrees/pro/node_modules/@vitest/runner/dist/chunk-hooks.js:1897:20\n    at new Promise (<anonymous>)\n    at runWithTimeout (file:///home/ubuntu/worktrees/pro/node_modules/@vitest/runner/dist/chunk-hooks.js:1863:10)\n    at runHook (file:///home/ubuntu/worktrees/pro/node_modules/@vitest/runner/dist/chunk-hooks.js:1436:51)\n    at callSuiteHook (file:///home/ubuntu/worktrees/pro/node_modules/@vitest/runner/dist/chunk-hooks.js:1442:25)\n    at callSuiteHook (file:///home/ubuntu/worktrees/pro/node_modules/@vitest/runner/dist/chunk-hooks.js:1429:21)\n    at runTest (file:///home/ubuntu/worktrees/pro/node_modules/@vitest/runner/dist/chunk-hooks.js:1566:26)\n    at runSuite (file:///home/ubuntu/worktrees/pro/node_modules/@vitest/runner/dist/chunk-hooks.js:1729:8)"],"location":{"line":294,"column":5},"meta":{}},{"ancestorTitles":["WeiboContentParser - 微博内容解析器的艺术性测试","媒体内容解析 - 媒体的艺术性处理"],"fullName":"WeiboContentParser - 微博内容解析器的艺术性测试 媒体内容解析 - 媒体的艺术性处理 应该正确解析图片信息","status":"failed","title":"应该正确解析图片信息","duration":0.577963999999838,"failureMessages":["ReferenceError: jest is not defined\n    at /home/ubuntu/worktrees/pro/apps/crawler/src/data-cleaner/weibo-content-parser.spec.ts:91:12\n    at file:///home/ubuntu/worktrees/pro/node_modules/@vitest/runner/dist/chunk-hooks.js:155:11\n    at file:///home/ubuntu/worktrees/pro/node_modules/@vitest/runner/dist/chunk-hooks.js:1897:20\n    at new Promise (<anonymous>)\n    at runWithTimeout (file:///home/ubuntu/worktrees/pro/node_modules/@vitest/runner/dist/chunk-hooks.js:1863:10)\n    at runHook (file:///home/ubuntu/worktrees/pro/node_modules/@vitest/runner/dist/chunk-hooks.js:1436:51)\n    at callSuiteHook (file:///home/ubuntu/worktrees/pro/node_modules/@vitest/runner/dist/chunk-hooks.js:1442:25)\n    at callSuiteHook (file:///home/ubuntu/worktrees/pro/node_modules/@vitest/runner/dist/chunk-hooks.js:1429:21)\n    at runTest (file:///home/ubuntu/worktrees/pro/node_modules/@vitest/runner/dist/chunk-hooks.js:1566:26)\n    at runSuite (file:///home/ubuntu/worktrees/pro/node_modules/@vitest/runner/dist/chunk-hooks.js:1729:8)"],"location":{"line":305,"column":5},"meta":{}},{"ancestorTitles":["WeiboContentParser - 微博内容解析器的艺术性测试","媒体内容解析 - 媒体的艺术性处理"],"fullName":"WeiboContentParser - 微博内容解析器的艺术性测试 媒体内容解析 - 媒体的艺术性处理 应该限制媒体项目数量","status":"failed","title":"应该限制媒体项目数量","duration":0.5997239999999238,"failureMessages":["ReferenceError: jest is not defined\n    at /home/ubuntu/worktrees/pro/apps/crawler/src/data-cleaner/weibo-content-parser.spec.ts:91:12\n    at file:///home/ubuntu/worktrees/pro/node_modules/@vitest/runner/dist/chunk-hooks.js:155:11\n    at file:///home/ubuntu/worktrees/pro/node_modules/@vitest/runner/dist/chunk-hooks.js:1897:20\n    at new Promise (<anonymous>)\n    at runWithTimeout (file:///home/ubuntu/worktrees/pro/node_modules/@vitest/runner/dist/chunk-hooks.js:1863:10)\n    at runHook (file:///home/ubuntu/worktrees/pro/node_modules/@vitest/runner/dist/chunk-hooks.js:1436:51)\n    at callSuiteHook (file:///home/ubuntu/worktrees/pro/node_modules/@vitest/runner/dist/chunk-hooks.js:1442:25)\n    at callSuiteHook (file:///home/ubuntu/worktrees/pro/node_modules/@vitest/runner/dist/chunk-hooks.js:1429:21)\n    at runTest (file:///home/ubuntu/worktrees/pro/node_modules/@vitest/runner/dist/chunk-hooks.js:1566:26)\n    at runSuite (file:///home/ubuntu/worktrees/pro/node_modules/@vitest/runner/dist/chunk-hooks.js:1729:8)"],"location":{"line":318,"column":5},"meta":{}},{"ancestorTitles":["WeiboContentParser - 微博内容解析器的艺术性测试","转发内容处理 - 转发关系的艺术性分析"],"fullName":"WeiboContentParser - 微博内容解析器的艺术性测试 转发内容处理 - 转发关系的艺术性分析 应该正确识别转发内容","status":"failed","title":"应该正确识别转发内容","duration":0.36477399999989757,"failureMessages":["ReferenceError: jest is not defined\n    at /home/ubuntu/worktrees/pro/apps/crawler/src/data-cleaner/weibo-content-parser.spec.ts:91:12\n    at file:///home/ubuntu/worktrees/pro/node_modules/@vitest/runner/dist/chunk-hooks.js:155:11\n    at file:///home/ubuntu/worktrees/pro/node_modules/@vitest/runner/dist/chunk-hooks.js:1897:20\n    at new Promise (<anonymous>)\n    at runWithTimeout (file:///home/ubuntu/worktrees/pro/node_modules/@vitest/runner/dist/chunk-hooks.js:1863:10)\n    at runHook (file:///home/ubuntu/worktrees/pro/node_modules/@vitest/runner/dist/chunk-hooks.js:1436:51)\n    at callSuiteHook (file:///home/ubuntu/worktrees/pro/node_modules/@vitest/runner/dist/chunk-hooks.js:1442:25)\n    at callSuiteHook (file:///home/ubuntu/worktrees/pro/node_modules/@vitest/runner/dist/chunk-hooks.js:1429:21)\n    at runTest (file:///home/ubuntu/worktrees/pro/node_modules/@vitest/runner/dist/chunk-hooks.js:1566:26)\n    at runSuite (file:///home/ubuntu/worktrees/pro/node_modules/@vitest/runner/dist/chunk-hooks.js:1729:8)"],"location":{"line":327,"column":5},"meta":{}},{"ancestorTitles":["WeiboContentParser - 微博内容解析器的艺术性测试","数据质量评估 - 质量的艺术性鉴赏"],"fullName":"WeiboContentParser - 微博内容解析器的艺术性测试 数据质量评估 - 质量的艺术性鉴赏 应该计算帖子质量分数","status":"failed","title":"应该计算帖子质量分数","duration":0.7989380000001347,"failureMessages":["ReferenceError: jest is not defined\n    at /home/ubuntu/worktrees/pro/apps/crawler/src/data-cleaner/weibo-content-parser.spec.ts:91:12\n    at file:///home/ubuntu/worktrees/pro/node_modules/@vitest/runner/dist/chunk-hooks.js:155:11\n    at file:///home/ubuntu/worktrees/pro/node_modules/@vitest/runner/dist/chunk-hooks.js:1897:20\n    at new Promise (<anonymous>)\n    at runWithTimeout (file:///home/ubuntu/worktrees/pro/node_modules/@vitest/runner/dist/chunk-hooks.js:1863:10)\n    at runHook (file:///home/ubuntu/worktrees/pro/node_modules/@vitest/runner/dist/chunk-hooks.js:1436:51)\n    at callSuiteHook (file:///home/ubuntu/worktrees/pro/node_modules/@vitest/runner/dist/chunk-hooks.js:1442:25)\n    at callSuiteHook (file:///home/ubuntu/worktrees/pro/node_modules/@vitest/runner/dist/chunk-hooks.js:1429:21)\n    at runTest (file:///home/ubuntu/worktrees/pro/node_modules/@vitest/runner/dist/chunk-hooks.js:1566:26)\n    at runSuite (file:///home/ubuntu/worktrees/pro/node_modules/@vitest/runner/dist/chunk-hooks.js:1729:8)"],"location":{"line":338,"column":5},"meta":{}},{"ancestorTitles":["WeiboContentParser - 微博内容解析器的艺术性测试","数据质量评估 - 质量的艺术性鉴赏"],"fullName":"WeiboContentParser - 微博内容解析器的艺术性测试 数据质量评估 - 质量的艺术性鉴赏 应该检测数据质量问题","status":"failed","title":"应该检测数据质量问题","duration":0.46571400000016183,"failureMessages":["ReferenceError: jest is not defined\n    at /home/ubuntu/worktrees/pro/apps/crawler/src/data-cleaner/weibo-content-parser.spec.ts:91:12\n    at file:///home/ubuntu/worktrees/pro/node_modules/@vitest/runner/dist/chunk-hooks.js:155:11\n    at file:///home/ubuntu/worktrees/pro/node_modules/@vitest/runner/dist/chunk-hooks.js:1897:20\n    at new Promise (<anonymous>)\n    at runWithTimeout (file:///home/ubuntu/worktrees/pro/node_modules/@vitest/runner/dist/chunk-hooks.js:1863:10)\n    at runHook (file:///home/ubuntu/worktrees/pro/node_modules/@vitest/runner/dist/chunk-hooks.js:1436:51)\n    at callSuiteHook (file:///home/ubuntu/worktrees/pro/node_modules/@vitest/runner/dist/chunk-hooks.js:1442:25)\n    at callSuiteHook (file:///home/ubuntu/worktrees/pro/node_modules/@vitest/runner/dist/chunk-hooks.js:1429:21)\n    at runTest (file:///home/ubuntu/worktrees/pro/node_modules/@vitest/runner/dist/chunk-hooks.js:1566:26)\n    at runSuite (file:///home/ubuntu/worktrees/pro/node_modules/@vitest/runner/dist/chunk-hooks.js:1729:8)"],"location":{"line":347,"column":5},"meta":{}},{"ancestorTitles":["WeiboContentParser - 微博内容解析器的艺术性测试","错误处理 - 错误的哲学性处理"],"fullName":"WeiboContentParser - 微博内容解析器的艺术性测试 错误处理 - 错误的哲学性处理 应该优雅处理JSON解析错误","status":"failed","title":"应该优雅处理JSON解析错误","duration":0.33148999999980333,"failureMessages":["ReferenceError: jest is not defined\n    at /home/ubuntu/worktrees/pro/apps/crawler/src/data-cleaner/weibo-content-parser.spec.ts:91:12\n    at file:///home/ubuntu/worktrees/pro/node_modules/@vitest/runner/dist/chunk-hooks.js:155:11\n    at file:///home/ubuntu/worktrees/pro/node_modules/@vitest/runner/dist/chunk-hooks.js:1897:20\n    at new Promise (<anonymous>)\n    at runWithTimeout (file:///home/ubuntu/worktrees/pro/node_modules/@vitest/runner/dist/chunk-hooks.js:1863:10)\n    at runHook (file:///home/ubuntu/worktrees/pro/node_modules/@vitest/runner/dist/chunk-hooks.js:1436:51)\n    at callSuiteHook (file:///home/ubuntu/worktrees/pro/node_modules/@vitest/runner/dist/chunk-hooks.js:1442:25)\n    at callSuiteHook (file:///home/ubuntu/worktrees/pro/node_modules/@vitest/runner/dist/chunk-hooks.js:1429:21)\n    at runTest (file:///home/ubuntu/worktrees/pro/node_modules/@vitest/runner/dist/chunk-hooks.js:1566:26)\n    at runSuite (file:///home/ubuntu/worktrees/pro/node_modules/@vitest/runner/dist/chunk-hooks.js:1729:8)"],"location":{"line":368,"column":5},"meta":{}},{"ancestorTitles":["WeiboContentParser - 微博内容解析器的艺术性测试","错误处理 - 错误的哲学性处理"],"fullName":"WeiboContentParser - 微博内容解析器的艺术性测试 错误处理 - 错误的哲学性处理 应该处理缺少必要字段的数据","status":"failed","title":"应该处理缺少必要字段的数据","duration":0.25147999999990134,"failureMessages":["ReferenceError: jest is not defined\n    at /home/ubuntu/worktrees/pro/apps/crawler/src/data-cleaner/weibo-content-parser.spec.ts:91:12\n    at file:///home/ubuntu/worktrees/pro/node_modules/@vitest/runner/dist/chunk-hooks.js:155:11\n    at file:///home/ubuntu/worktrees/pro/node_modules/@vitest/runner/dist/chunk-hooks.js:1897:20\n    at new Promise (<anonymous>)\n    at runWithTimeout (file:///home/ubuntu/worktrees/pro/node_modules/@vitest/runner/dist/chunk-hooks.js:1863:10)\n    at runHook (file:///home/ubuntu/worktrees/pro/node_modules/@vitest/runner/dist/chunk-hooks.js:1436:51)\n    at callSuiteHook (file:///home/ubuntu/worktrees/pro/node_modules/@vitest/runner/dist/chunk-hooks.js:1442:25)\n    at callSuiteHook (file:///home/ubuntu/worktrees/pro/node_modules/@vitest/runner/dist/chunk-hooks.js:1429:21)\n    at runTest (file:///home/ubuntu/worktrees/pro/node_modules/@vitest/runner/dist/chunk-hooks.js:1566:26)\n    at runSuite (file:///home/ubuntu/worktrees/pro/node_modules/@vitest/runner/dist/chunk-hooks.js:1729:8)"],"location":{"line":376,"column":5},"meta":{}},{"ancestorTitles":["WeiboContentParser - 微博内容解析器的艺术性测试","错误处理 - 错误的哲学性处理"],"fullName":"WeiboContentParser - 微博内容解析器的艺术性测试 错误处理 - 错误的哲学性处理 应该记录详细的错误信息","status":"failed","title":"应该记录详细的错误信息","duration":0.21839199999999437,"failureMessages":["ReferenceError: jest is not defined\n    at /home/ubuntu/worktrees/pro/apps/crawler/src/data-cleaner/weibo-content-parser.spec.ts:91:12\n    at file:///home/ubuntu/worktrees/pro/node_modules/@vitest/runner/dist/chunk-hooks.js:155:11\n    at file:///home/ubuntu/worktrees/pro/node_modules/@vitest/runner/dist/chunk-hooks.js:1897:20\n    at new Promise (<anonymous>)\n    at runWithTimeout (file:///home/ubuntu/worktrees/pro/node_modules/@vitest/runner/dist/chunk-hooks.js:1863:10)\n    at runHook (file:///home/ubuntu/worktrees/pro/node_modules/@vitest/runner/dist/chunk-hooks.js:1436:51)\n    at callSuiteHook (file:///home/ubuntu/worktrees/pro/node_modules/@vitest/runner/dist/chunk-hooks.js:1442:25)\n    at callSuiteHook (file:///home/ubuntu/worktrees/pro/node_modules/@vitest/runner/dist/chunk-hooks.js:1429:21)\n    at runTest (file:///home/ubuntu/worktrees/pro/node_modules/@vitest/runner/dist/chunk-hooks.js:1566:26)\n    at runSuite (file:///home/ubuntu/worktrees/pro/node_modules/@vitest/runner/dist/chunk-hooks.js:1729:8)"],"location":{"line":391,"column":5},"meta":{}},{"ancestorTitles":["WeiboContentParser - 微博内容解析器的艺术性测试","性能测试 - 性能的艺术性优化"],"fullName":"WeiboContentParser - 微博内容解析器的艺术性测试 性能测试 - 性能的艺术性优化 应该在合理时间内处理大量数据","status":"failed","title":"应该在合理时间内处理大量数据","duration":0.4130760000000464,"failureMessages":["ReferenceError: jest is not defined\n    at /home/ubuntu/worktrees/pro/apps/crawler/src/data-cleaner/weibo-content-parser.spec.ts:91:12\n    at file:///home/ubuntu/worktrees/pro/node_modules/@vitest/runner/dist/chunk-hooks.js:155:11\n    at file:///home/ubuntu/worktrees/pro/node_modules/@vitest/runner/dist/chunk-hooks.js:1897:20\n    at new Promise (<anonymous>)\n    at runWithTimeout (file:///home/ubuntu/worktrees/pro/node_modules/@vitest/runner/dist/chunk-hooks.js:1863:10)\n    at runHook (file:///home/ubuntu/worktrees/pro/node_modules/@vitest/runner/dist/chunk-hooks.js:1436:51)\n    at callSuiteHook (file:///home/ubuntu/worktrees/pro/node_modules/@vitest/runner/dist/chunk-hooks.js:1442:25)\n    at callSuiteHook (file:///home/ubuntu/worktrees/pro/node_modules/@vitest/runner/dist/chunk-hooks.js:1429:21)\n    at runTest (file:///home/ubuntu/worktrees/pro/node_modules/@vitest/runner/dist/chunk-hooks.js:1566:26)\n    at runSuite (file:///home/ubuntu/worktrees/pro/node_modules/@vitest/runner/dist/chunk-hooks.js:1729:8)"],"location":{"line":405,"column":5},"meta":{}},{"ancestorTitles":["WeiboContentParser - 微博内容解析器的艺术性测试","性能测试 - 性能的艺术性优化"],"fullName":"WeiboContentParser - 微博内容解析器的艺术性测试 性能测试 - 性能的艺术性优化 应该计算处理吞吐量","status":"failed","title":"应该计算处理吞吐量","duration":0.23494000000005144,"failureMessages":["ReferenceError: jest is not defined\n    at /home/ubuntu/worktrees/pro/apps/crawler/src/data-cleaner/weibo-content-parser.spec.ts:91:12\n    at file:///home/ubuntu/worktrees/pro/node_modules/@vitest/runner/dist/chunk-hooks.js:155:11\n    at file:///home/ubuntu/worktrees/pro/node_modules/@vitest/runner/dist/chunk-hooks.js:1897:20\n    at new Promise (<anonymous>)\n    at runWithTimeout (file:///home/ubuntu/worktrees/pro/node_modules/@vitest/runner/dist/chunk-hooks.js:1863:10)\n    at runHook (file:///home/ubuntu/worktrees/pro/node_modules/@vitest/runner/dist/chunk-hooks.js:1436:51)\n    at callSuiteHook (file:///home/ubuntu/worktrees/pro/node_modules/@vitest/runner/dist/chunk-hooks.js:1442:25)\n    at callSuiteHook (file:///home/ubuntu/worktrees/pro/node_modules/@vitest/runner/dist/chunk-hooks.js:1429:21)\n    at runTest (file:///home/ubuntu/worktrees/pro/node_modules/@vitest/runner/dist/chunk-hooks.js:1566:26)\n    at runSuite (file:///home/ubuntu/worktrees/pro/node_modules/@vitest/runner/dist/chunk-hooks.js:1729:8)"],"location":{"line":431,"column":5},"meta":{}},{"ancestorTitles":["WeiboContentParser - 微博内容解析器的艺术性测试","边界情况处理 - 边界的艺术性探索"],"fullName":"WeiboContentParser - 微博内容解析器的艺术性测试 边界情况处理 - 边界的艺术性探索 应该处理超长文本内容","status":"failed","title":"应该处理超长文本内容","duration":0.3504910000001473,"failureMessages":["ReferenceError: jest is not defined\n    at /home/ubuntu/worktrees/pro/apps/crawler/src/data-cleaner/weibo-content-parser.spec.ts:91:12\n    at file:///home/ubuntu/worktrees/pro/node_modules/@vitest/runner/dist/chunk-hooks.js:155:11\n    at file:///home/ubuntu/worktrees/pro/node_modules/@vitest/runner/dist/chunk-hooks.js:1897:20\n    at new Promise (<anonymous>)\n    at runWithTimeout (file:///home/ubuntu/worktrees/pro/node_modules/@vitest/runner/dist/chunk-hooks.js:1863:10)\n    at runHook (file:///home/ubuntu/worktrees/pro/node_modules/@vitest/runner/dist/chunk-hooks.js:1436:51)\n    at callSuiteHook (file:///home/ubuntu/worktrees/pro/node_modules/@vitest/runner/dist/chunk-hooks.js:1442:25)\n    at callSuiteHook (file:///home/ubuntu/worktrees/pro/node_modules/@vitest/runner/dist/chunk-hooks.js:1429:21)\n    at runTest (file:///home/ubuntu/worktrees/pro/node_modules/@vitest/runner/dist/chunk-hooks.js:1566:26)\n    at runSuite (file:///home/ubuntu/worktrees/pro/node_modules/@vitest/runner/dist/chunk-hooks.js:1729:8)"],"location":{"line":447,"column":5},"meta":{}},{"ancestorTitles":["WeiboContentParser - 微博内容解析器的艺术性测试","边界情况处理 - 边界的艺术性探索"],"fullName":"WeiboContentParser - 微博内容解析器的艺术性测试 边界情况处理 - 边界的艺术性探索 应该处理特殊字符和表情符号","status":"failed","title":"应该处理特殊字符和表情符号","duration":0.22710899999992762,"failureMessages":["ReferenceError: jest is not defined\n    at /home/ubuntu/worktrees/pro/apps/crawler/src/data-cleaner/weibo-content-parser.spec.ts:91:12\n    at file:///home/ubuntu/worktrees/pro/node_modules/@vitest/runner/dist/chunk-hooks.js:155:11\n    at file:///home/ubuntu/worktrees/pro/node_modules/@vitest/runner/dist/chunk-hooks.js:1897:20\n    at new Promise (<anonymous>)\n    at runWithTimeout (file:///home/ubuntu/worktrees/pro/node_modules/@vitest/runner/dist/chunk-hooks.js:1863:10)\n    at runHook (file:///home/ubuntu/worktrees/pro/node_modules/@vitest/runner/dist/chunk-hooks.js:1436:51)\n    at callSuiteHook (file:///home/ubuntu/worktrees/pro/node_modules/@vitest/runner/dist/chunk-hooks.js:1442:25)\n    at callSuiteHook (file:///home/ubuntu/worktrees/pro/node_modules/@vitest/runner/dist/chunk-hooks.js:1429:21)\n    at runTest (file:///home/ubuntu/worktrees/pro/node_modules/@vitest/runner/dist/chunk-hooks.js:1566:26)\n    at runSuite (file:///home/ubuntu/worktrees/pro/node_modules/@vitest/runner/dist/chunk-hooks.js:1729:8)"],"location":{"line":463,"column":5},"meta":{}},{"ancestorTitles":["WeiboContentParser - 微博内容解析器的艺术性测试","边界情况处理 - 边界的艺术性探索"],"fullName":"WeiboContentParser - 微博内容解析器的艺术性测试 边界情况处理 - 边界的艺术性探索 应该处理空的用户信息","status":"failed","title":"应该处理空的用户信息","duration":0.18817699999999604,"failureMessages":["ReferenceError: jest is not defined\n    at /home/ubuntu/worktrees/pro/apps/crawler/src/data-cleaner/weibo-content-parser.spec.ts:91:12\n    at file:///home/ubuntu/worktrees/pro/node_modules/@vitest/runner/dist/chunk-hooks.js:155:11\n    at file:///home/ubuntu/worktrees/pro/node_modules/@vitest/runner/dist/chunk-hooks.js:1897:20\n    at new Promise (<anonymous>)\n    at runWithTimeout (file:///home/ubuntu/worktrees/pro/node_modules/@vitest/runner/dist/chunk-hooks.js:1863:10)\n    at runHook (file:///home/ubuntu/worktrees/pro/node_modules/@vitest/runner/dist/chunk-hooks.js:1436:51)\n    at callSuiteHook (file:///home/ubuntu/worktrees/pro/node_modules/@vitest/runner/dist/chunk-hooks.js:1442:25)\n    at callSuiteHook (file:///home/ubuntu/worktrees/pro/node_modules/@vitest/runner/dist/chunk-hooks.js:1429:21)\n    at runTest (file:///home/ubuntu/worktrees/pro/node_modules/@vitest/runner/dist/chunk-hooks.js:1566:26)\n    at runSuite (file:///home/ubuntu/worktrees/pro/node_modules/@vitest/runner/dist/chunk-hooks.js:1729:8)"],"location":{"line":478,"column":5},"meta":{}}],"startTime":1760865975760,"endTime":1760865975781.3506,"status":"failed","message":"","name":"/home/ubuntu/worktrees/pro/apps/crawler/src/data-cleaner/weibo-content-parser.spec.ts"},{"assertionResults":[{"ancestorTitles":["WeiboDataCleaner - 微博数据清洗集成测试","handleWeiboDataReady - 完整的数据清洗流程"],"fullName":"WeiboDataCleaner - 微博数据清洗集成测试 handleWeiboDataReady - 完整的数据清洗流程 应该成功处理微博数据就绪事件","status":"failed","title":"应该成功处理微博数据就绪事件","duration":1.5638470000003508,"failureMessages":["ReferenceError: jest is not defined\n    at /home/ubuntu/worktrees/pro/apps/crawler/src/data-cleaner/weibo-data-cleaner.integration.spec.ts:152:12\n    at file:///home/ubuntu/worktrees/pro/node_modules/@vitest/runner/dist/chunk-hooks.js:155:11\n    at file:///home/ubuntu/worktrees/pro/node_modules/@vitest/runner/dist/chunk-hooks.js:1897:20\n    at new Promise (<anonymous>)\n    at runWithTimeout (file:///home/ubuntu/worktrees/pro/node_modules/@vitest/runner/dist/chunk-hooks.js:1863:10)\n    at runHook (file:///home/ubuntu/worktrees/pro/node_modules/@vitest/runner/dist/chunk-hooks.js:1436:51)\n    at callSuiteHook (file:///home/ubuntu/worktrees/pro/node_modules/@vitest/runner/dist/chunk-hooks.js:1442:25)\n    at callSuiteHook (file:///home/ubuntu/worktrees/pro/node_modules/@vitest/runner/dist/chunk-hooks.js:1429:21)\n    at runTest (file:///home/ubuntu/worktrees/pro/node_modules/@vitest/runner/dist/chunk-hooks.js:1566:26)\n    at runSuite (file:///home/ubuntu/worktrees/pro/node_modules/@vitest/runner/dist/chunk-hooks.js:1729:8)"],"location":{"line":210,"column":5},"meta":{}},{"ancestorTitles":["WeiboDataCleaner - 微博数据清洗集成测试","handleWeiboDataReady - 完整的数据清洗流程"],"fullName":"WeiboDataCleaner - 微博数据清洗集成测试 handleWeiboDataReady - 完整的数据清洗流程 应该处理非微博数据类型并跳过","status":"failed","title":"应该处理非微博数据类型并跳过","duration":0.3108490000004167,"failureMessages":["ReferenceError: jest is not defined\n    at /home/ubuntu/worktrees/pro/apps/crawler/src/data-cleaner/weibo-data-cleaner.integration.spec.ts:152:12\n    at file:///home/ubuntu/worktrees/pro/node_modules/@vitest/runner/dist/chunk-hooks.js:155:11\n    at file:///home/ubuntu/worktrees/pro/node_modules/@vitest/runner/dist/chunk-hooks.js:1897:20\n    at new Promise (<anonymous>)\n    at runWithTimeout (file:///home/ubuntu/worktrees/pro/node_modules/@vitest/runner/dist/chunk-hooks.js:1863:10)\n    at runHook (file:///home/ubuntu/worktrees/pro/node_modules/@vitest/runner/dist/chunk-hooks.js:1436:51)\n    at callSuiteHook (file:///home/ubuntu/worktrees/pro/node_modules/@vitest/runner/dist/chunk-hooks.js:1442:25)\n    at callSuiteHook (file:///home/ubuntu/worktrees/pro/node_modules/@vitest/runner/dist/chunk-hooks.js:1429:21)\n    at runTest (file:///home/ubuntu/worktrees/pro/node_modules/@vitest/runner/dist/chunk-hooks.js:1566:26)\n    at runSuite (file:///home/ubuntu/worktrees/pro/node_modules/@vitest/runner/dist/chunk-hooks.js:1729:8)"],"location":{"line":243,"column":5},"meta":{}},{"ancestorTitles":["WeiboDataCleaner - 微博数据清洗集成测试","handleWeiboDataReady - 完整的数据清洗流程"],"fullName":"WeiboDataCleaner - 微博数据清洗集成测试 handleWeiboDataReady - 完整的数据清洗流程 应该处理原始数据获取失败的情况","status":"failed","title":"应该处理原始数据获取失败的情况","duration":0.4526900000000751,"failureMessages":["ReferenceError: jest is not defined\n    at /home/ubuntu/worktrees/pro/apps/crawler/src/data-cleaner/weibo-data-cleaner.integration.spec.ts:152:12\n    at file:///home/ubuntu/worktrees/pro/node_modules/@vitest/runner/dist/chunk-hooks.js:155:11\n    at file:///home/ubuntu/worktrees/pro/node_modules/@vitest/runner/dist/chunk-hooks.js:1897:20\n    at new Promise (<anonymous>)\n    at runWithTimeout (file:///home/ubuntu/worktrees/pro/node_modules/@vitest/runner/dist/chunk-hooks.js:1863:10)\n    at runHook (file:///home/ubuntu/worktrees/pro/node_modules/@vitest/runner/dist/chunk-hooks.js:1436:51)\n    at callSuiteHook (file:///home/ubuntu/worktrees/pro/node_modules/@vitest/runner/dist/chunk-hooks.js:1442:25)\n    at callSuiteHook (file:///home/ubuntu/worktrees/pro/node_modules/@vitest/runner/dist/chunk-hooks.js:1429:21)\n    at runTest (file:///home/ubuntu/worktrees/pro/node_modules/@vitest/runner/dist/chunk-hooks.js:1566:26)\n    at runSuite (file:///home/ubuntu/worktrees/pro/node_modules/@vitest/runner/dist/chunk-hooks.js:1729:8)"],"location":{"line":257,"column":5},"meta":{}},{"ancestorTitles":["WeiboDataCleaner - 微博数据清洗集成测试","handleWeiboDataReady - 完整的数据清洗流程"],"fullName":"WeiboDataCleaner - 微博数据清洗集成测试 handleWeiboDataReady - 完整的数据清洗流程 应该处理解析过程中的错误","status":"failed","title":"应该处理解析过程中的错误","duration":0.18801800000073854,"failureMessages":["ReferenceError: jest is not defined\n    at /home/ubuntu/worktrees/pro/apps/crawler/src/data-cleaner/weibo-data-cleaner.integration.spec.ts:152:12\n    at file:///home/ubuntu/worktrees/pro/node_modules/@vitest/runner/dist/chunk-hooks.js:155:11\n    at file:///home/ubuntu/worktrees/pro/node_modules/@vitest/runner/dist/chunk-hooks.js:1897:20\n    at new Promise (<anonymous>)\n    at runWithTimeout (file:///home/ubuntu/worktrees/pro/node_modules/@vitest/runner/dist/chunk-hooks.js:1863:10)\n    at runHook (file:///home/ubuntu/worktrees/pro/node_modules/@vitest/runner/dist/chunk-hooks.js:1436:51)\n    at callSuiteHook (file:///home/ubuntu/worktrees/pro/node_modules/@vitest/runner/dist/chunk-hooks.js:1442:25)\n    at callSuiteHook (file:///home/ubuntu/worktrees/pro/node_modules/@vitest/runner/dist/chunk-hooks.js:1429:21)\n    at runTest (file:///home/ubuntu/worktrees/pro/node_modules/@vitest/runner/dist/chunk-hooks.js:1566:26)\n    at runSuite (file:///home/ubuntu/worktrees/pro/node_modules/@vitest/runner/dist/chunk-hooks.js:1729:8)"],"location":{"line":267,"column":5},"meta":{}},{"ancestorTitles":["WeiboDataCleaner - 微博数据清洗集成测试","batchCleanWeiboData - 批量数据清洗"],"fullName":"WeiboDataCleaner - 微博数据清洗集成测试 batchCleanWeiboData - 批量数据清洗 应该成功处理批量数据清洗","status":"failed","title":"应该成功处理批量数据清洗","duration":0.20794200000000274,"failureMessages":["ReferenceError: jest is not defined\n    at /home/ubuntu/worktrees/pro/apps/crawler/src/data-cleaner/weibo-data-cleaner.integration.spec.ts:152:12\n    at file:///home/ubuntu/worktrees/pro/node_modules/@vitest/runner/dist/chunk-hooks.js:155:11\n    at file:///home/ubuntu/worktrees/pro/node_modules/@vitest/runner/dist/chunk-hooks.js:1897:20\n    at new Promise (<anonymous>)\n    at runWithTimeout (file:///home/ubuntu/worktrees/pro/node_modules/@vitest/runner/dist/chunk-hooks.js:1863:10)\n    at runHook (file:///home/ubuntu/worktrees/pro/node_modules/@vitest/runner/dist/chunk-hooks.js:1436:51)\n    at callSuiteHook (file:///home/ubuntu/worktrees/pro/node_modules/@vitest/runner/dist/chunk-hooks.js:1442:25)\n    at callSuiteHook (file:///home/ubuntu/worktrees/pro/node_modules/@vitest/runner/dist/chunk-hooks.js:1429:21)\n    at runTest (file:///home/ubuntu/worktrees/pro/node_modules/@vitest/runner/dist/chunk-hooks.js:1566:26)\n    at runSuite (file:///home/ubuntu/worktrees/pro/node_modules/@vitest/runner/dist/chunk-hooks.js:1729:8)"],"location":{"line":293,"column":5},"meta":{}},{"ancestorTitles":["WeiboDataCleaner - 微博数据清洗集成测试","batchCleanWeiboData - 批量数据清洗"],"fullName":"WeiboDataCleaner - 微博数据清洗集成测试 batchCleanWeiboData - 批量数据清洗 应该分批处理大量数据","status":"failed","title":"应该分批处理大量数据","duration":0.1881020000000717,"failureMessages":["ReferenceError: jest is not defined\n    at /home/ubuntu/worktrees/pro/apps/crawler/src/data-cleaner/weibo-data-cleaner.integration.spec.ts:152:12\n    at file:///home/ubuntu/worktrees/pro/node_modules/@vitest/runner/dist/chunk-hooks.js:155:11\n    at file:///home/ubuntu/worktrees/pro/node_modules/@vitest/runner/dist/chunk-hooks.js:1897:20\n    at new Promise (<anonymous>)\n    at runWithTimeout (file:///home/ubuntu/worktrees/pro/node_modules/@vitest/runner/dist/chunk-hooks.js:1863:10)\n    at runHook (file:///home/ubuntu/worktrees/pro/node_modules/@vitest/runner/dist/chunk-hooks.js:1436:51)\n    at callSuiteHook (file:///home/ubuntu/worktrees/pro/node_modules/@vitest/runner/dist/chunk-hooks.js:1442:25)\n    at callSuiteHook (file:///home/ubuntu/worktrees/pro/node_modules/@vitest/runner/dist/chunk-hooks.js:1429:21)\n    at runTest (file:///home/ubuntu/worktrees/pro/node_modules/@vitest/runner/dist/chunk-hooks.js:1566:26)\n    at runSuite (file:///home/ubuntu/worktrees/pro/node_modules/@vitest/runner/dist/chunk-hooks.js:1729:8)"],"location":{"line":322,"column":5},"meta":{}},{"ancestorTitles":["WeiboDataCleaner - 微博数据清洗集成测试","batchCleanWeiboData - 批量数据清洗"],"fullName":"WeiboDataCleaner - 微博数据清洗集成测试 batchCleanWeiboData - 批量数据清洗 应该处理批次中的部分失败","status":"failed","title":"应该处理批次中的部分失败","duration":0.2621549999994386,"failureMessages":["ReferenceError: jest is not defined\n    at /home/ubuntu/worktrees/pro/apps/crawler/src/data-cleaner/weibo-data-cleaner.integration.spec.ts:152:12\n    at file:///home/ubuntu/worktrees/pro/node_modules/@vitest/runner/dist/chunk-hooks.js:155:11\n    at file:///home/ubuntu/worktrees/pro/node_modules/@vitest/runner/dist/chunk-hooks.js:1897:20\n    at new Promise (<anonymous>)\n    at runWithTimeout (file:///home/ubuntu/worktrees/pro/node_modules/@vitest/runner/dist/chunk-hooks.js:1863:10)\n    at runHook (file:///home/ubuntu/worktrees/pro/node_modules/@vitest/runner/dist/chunk-hooks.js:1436:51)\n    at callSuiteHook (file:///home/ubuntu/worktrees/pro/node_modules/@vitest/runner/dist/chunk-hooks.js:1442:25)\n    at callSuiteHook (file:///home/ubuntu/worktrees/pro/node_modules/@vitest/runner/dist/chunk-hooks.js:1429:21)\n    at runTest (file:///home/ubuntu/worktrees/pro/node_modules/@vitest/runner/dist/chunk-hooks.js:1566:26)\n    at runSuite (file:///home/ubuntu/worktrees/pro/node_modules/@vitest/runner/dist/chunk-hooks.js:1729:8)"],"location":{"line":344,"column":5},"meta":{}},{"ancestorTitles":["WeiboDataCleaner - 微博数据清洗集成测试","数据质量验证"],"fullName":"WeiboDataCleaner - 微博数据清洗集成测试 数据质量验证 应该验证低质量数据并发出警告","status":"failed","title":"应该验证低质量数据并发出警告","duration":0.3498380000000907,"failureMessages":["ReferenceError: jest is not defined\n    at /home/ubuntu/worktrees/pro/apps/crawler/src/data-cleaner/weibo-data-cleaner.integration.spec.ts:152:12\n    at file:///home/ubuntu/worktrees/pro/node_modules/@vitest/runner/dist/chunk-hooks.js:155:11\n    at file:///home/ubuntu/worktrees/pro/node_modules/@vitest/runner/dist/chunk-hooks.js:1897:20\n    at new Promise (<anonymous>)\n    at runWithTimeout (file:///home/ubuntu/worktrees/pro/node_modules/@vitest/runner/dist/chunk-hooks.js:1863:10)\n    at runHook (file:///home/ubuntu/worktrees/pro/node_modules/@vitest/runner/dist/chunk-hooks.js:1436:51)\n    at callSuiteHook (file:///home/ubuntu/worktrees/pro/node_modules/@vitest/runner/dist/chunk-hooks.js:1442:25)\n    at callSuiteHook (file:///home/ubuntu/worktrees/pro/node_modules/@vitest/runner/dist/chunk-hooks.js:1429:21)\n    at runTest (file:///home/ubuntu/worktrees/pro/node_modules/@vitest/runner/dist/chunk-hooks.js:1566:26)\n    at runSuite (file:///home/ubuntu/worktrees/pro/node_modules/@vitest/runner/dist/chunk-hooks.js:1729:8)"],"location":{"line":367,"column":5},"meta":{}},{"ancestorTitles":["WeiboDataCleaner - 微博数据清洗集成测试","数据质量验证"],"fullName":"WeiboDataCleaner - 微博数据清洗集成测试 数据质量验证 应该处理验证失败的情况","status":"failed","title":"应该处理验证失败的情况","duration":0.5448010000000068,"failureMessages":["ReferenceError: jest is not defined\n    at /home/ubuntu/worktrees/pro/apps/crawler/src/data-cleaner/weibo-data-cleaner.integration.spec.ts:152:12\n    at file:///home/ubuntu/worktrees/pro/node_modules/@vitest/runner/dist/chunk-hooks.js:155:11\n    at file:///home/ubuntu/worktrees/pro/node_modules/@vitest/runner/dist/chunk-hooks.js:1897:20\n    at new Promise (<anonymous>)\n    at runWithTimeout (file:///home/ubuntu/worktrees/pro/node_modules/@vitest/runner/dist/chunk-hooks.js:1863:10)\n    at runHook (file:///home/ubuntu/worktrees/pro/node_modules/@vitest/runner/dist/chunk-hooks.js:1436:51)\n    at callSuiteHook (file:///home/ubuntu/worktrees/pro/node_modules/@vitest/runner/dist/chunk-hooks.js:1442:25)\n    at callSuiteHook (file:///home/ubuntu/worktrees/pro/node_modules/@vitest/runner/dist/chunk-hooks.js:1429:21)\n    at runTest (file:///home/ubuntu/worktrees/pro/node_modules/@vitest/runner/dist/chunk-hooks.js:1566:26)\n    at runSuite (file:///home/ubuntu/worktrees/pro/node_modules/@vitest/runner/dist/chunk-hooks.js:1729:8)"],"location":{"line":396,"column":5},"meta":{}},{"ancestorTitles":["WeiboDataCleaner - 微博数据清洗集成测试","性能监控"],"fullName":"WeiboDataCleaner - 微博数据清洗集成测试 性能监控 应该监控处理性能并记录指标","status":"failed","title":"应该监控处理性能并记录指标","duration":0.3048259999995935,"failureMessages":["ReferenceError: jest is not defined\n    at /home/ubuntu/worktrees/pro/apps/crawler/src/data-cleaner/weibo-data-cleaner.integration.spec.ts:152:12\n    at file:///home/ubuntu/worktrees/pro/node_modules/@vitest/runner/dist/chunk-hooks.js:155:11\n    at file:///home/ubuntu/worktrees/pro/node_modules/@vitest/runner/dist/chunk-hooks.js:1897:20\n    at new Promise (<anonymous>)\n    at runWithTimeout (file:///home/ubuntu/worktrees/pro/node_modules/@vitest/runner/dist/chunk-hooks.js:1863:10)\n    at runHook (file:///home/ubuntu/worktrees/pro/node_modules/@vitest/runner/dist/chunk-hooks.js:1436:51)\n    at callSuiteHook (file:///home/ubuntu/worktrees/pro/node_modules/@vitest/runner/dist/chunk-hooks.js:1442:25)\n    at callSuiteHook (file:///home/ubuntu/worktrees/pro/node_modules/@vitest/runner/dist/chunk-hooks.js:1429:21)\n    at runTest (file:///home/ubuntu/worktrees/pro/node_modules/@vitest/runner/dist/chunk-hooks.js:1566:26)\n    at runSuite (file:///home/ubuntu/worktrees/pro/node_modules/@vitest/runner/dist/chunk-hooks.js:1729:8)"],"location":{"line":416,"column":5},"meta":{}},{"ancestorTitles":["WeiboDataCleaner - 微博数据清洗集成测试","性能监控"],"fullName":"WeiboDataCleaner - 微博数据清洗集成测试 性能监控 应该记录详细的性能指标","status":"failed","title":"应该记录详细的性能指标","duration":0.44428100000004633,"failureMessages":["ReferenceError: jest is not defined\n    at /home/ubuntu/worktrees/pro/apps/crawler/src/data-cleaner/weibo-data-cleaner.integration.spec.ts:152:12\n    at file:///home/ubuntu/worktrees/pro/node_modules/@vitest/runner/dist/chunk-hooks.js:155:11\n    at file:///home/ubuntu/worktrees/pro/node_modules/@vitest/runner/dist/chunk-hooks.js:1897:20\n    at new Promise (<anonymous>)\n    at runWithTimeout (file:///home/ubuntu/worktrees/pro/node_modules/@vitest/runner/dist/chunk-hooks.js:1863:10)\n    at runHook (file:///home/ubuntu/worktrees/pro/node_modules/@vitest/runner/dist/chunk-hooks.js:1436:51)\n    at callSuiteHook (file:///home/ubuntu/worktrees/pro/node_modules/@vitest/runner/dist/chunk-hooks.js:1442:25)\n    at callSuiteHook (file:///home/ubuntu/worktrees/pro/node_modules/@vitest/runner/dist/chunk-hooks.js:1429:21)\n    at runTest (file:///home/ubuntu/worktrees/pro/node_modules/@vitest/runner/dist/chunk-hooks.js:1566:26)\n    at runSuite (file:///home/ubuntu/worktrees/pro/node_modules/@vitest/runner/dist/chunk-hooks.js:1729:8)"],"location":{"line":440,"column":5},"meta":{}},{"ancestorTitles":["WeiboDataCleaner - 微博数据清洗集成测试","错误分类和处理"],"fullName":"WeiboDataCleaner - 微博数据清洗集成测试 错误分类和处理 应该正确分类不同类型的错误","status":"failed","title":"应该正确分类不同类型的错误","duration":0.26722700000027544,"failureMessages":["ReferenceError: jest is not defined\n    at /home/ubuntu/worktrees/pro/apps/crawler/src/data-cleaner/weibo-data-cleaner.integration.spec.ts:152:12\n    at file:///home/ubuntu/worktrees/pro/node_modules/@vitest/runner/dist/chunk-hooks.js:155:11\n    at file:///home/ubuntu/worktrees/pro/node_modules/@vitest/runner/dist/chunk-hooks.js:1897:20\n    at new Promise (<anonymous>)\n    at runWithTimeout (file:///home/ubuntu/worktrees/pro/node_modules/@vitest/runner/dist/chunk-hooks.js:1863:10)\n    at runHook (file:///home/ubuntu/worktrees/pro/node_modules/@vitest/runner/dist/chunk-hooks.js:1436:51)\n    at callSuiteHook (file:///home/ubuntu/worktrees/pro/node_modules/@vitest/runner/dist/chunk-hooks.js:1442:25)\n    at callSuiteHook (file:///home/ubuntu/worktrees/pro/node_modules/@vitest/runner/dist/chunk-hooks.js:1429:21)\n    at runTest (file:///home/ubuntu/worktrees/pro/node_modules/@vitest/runner/dist/chunk-hooks.js:1566:26)\n    at runSuite (file:///home/ubuntu/worktrees/pro/node_modules/@vitest/runner/dist/chunk-hooks.js:1729:8)"],"location":{"line":467,"column":5},"meta":{}},{"ancestorTitles":["WeiboDataCleaner - 微博数据清洗集成测试","错误分类和处理"],"fullName":"WeiboDataCleaner - 微博数据清洗集成测试 错误分类和处理 应该增强错误信息并包含上下文","status":"failed","title":"应该增强错误信息并包含上下文","duration":0.1814909999993688,"failureMessages":["ReferenceError: jest is not defined\n    at /home/ubuntu/worktrees/pro/apps/crawler/src/data-cleaner/weibo-data-cleaner.integration.spec.ts:152:12\n    at file:///home/ubuntu/worktrees/pro/node_modules/@vitest/runner/dist/chunk-hooks.js:155:11\n    at file:///home/ubuntu/worktrees/pro/node_modules/@vitest/runner/dist/chunk-hooks.js:1897:20\n    at new Promise (<anonymous>)\n    at runWithTimeout (file:///home/ubuntu/worktrees/pro/node_modules/@vitest/runner/dist/chunk-hooks.js:1863:10)\n    at runHook (file:///home/ubuntu/worktrees/pro/node_modules/@vitest/runner/dist/chunk-hooks.js:1436:51)\n    at callSuiteHook (file:///home/ubuntu/worktrees/pro/node_modules/@vitest/runner/dist/chunk-hooks.js:1442:25)\n    at callSuiteHook (file:///home/ubuntu/worktrees/pro/node_modules/@vitest/runner/dist/chunk-hooks.js:1429:21)\n    at runTest (file:///home/ubuntu/worktrees/pro/node_modules/@vitest/runner/dist/chunk-hooks.js:1566:26)\n    at runSuite (file:///home/ubuntu/worktrees/pro/node_modules/@vitest/runner/dist/chunk-hooks.js:1729:8)"],"location":{"line":503,"column":5},"meta":{}},{"ancestorTitles":["WeiboDataCleaner - 微博数据清洗集成测试","元数据处理"],"fullName":"WeiboDataCleaner - 微博数据清洗集成测试 元数据处理 应该生成完整的清洗元数据","status":"failed","title":"应该生成完整的清洗元数据","duration":0.2786280000000261,"failureMessages":["ReferenceError: jest is not defined\n    at /home/ubuntu/worktrees/pro/apps/crawler/src/data-cleaner/weibo-data-cleaner.integration.spec.ts:152:12\n    at file:///home/ubuntu/worktrees/pro/node_modules/@vitest/runner/dist/chunk-hooks.js:155:11\n    at file:///home/ubuntu/worktrees/pro/node_modules/@vitest/runner/dist/chunk-hooks.js:1897:20\n    at new Promise (<anonymous>)\n    at runWithTimeout (file:///home/ubuntu/worktrees/pro/node_modules/@vitest/runner/dist/chunk-hooks.js:1863:10)\n    at runHook (file:///home/ubuntu/worktrees/pro/node_modules/@vitest/runner/dist/chunk-hooks.js:1436:51)\n    at callSuiteHook (file:///home/ubuntu/worktrees/pro/node_modules/@vitest/runner/dist/chunk-hooks.js:1442:25)\n    at callSuiteHook (file:///home/ubuntu/worktrees/pro/node_modules/@vitest/runner/dist/chunk-hooks.js:1429:21)\n    at runTest (file:///home/ubuntu/worktrees/pro/node_modules/@vitest/runner/dist/chunk-hooks.js:1566:26)\n    at runSuite (file:///home/ubuntu/worktrees/pro/node_modules/@vitest/runner/dist/chunk-hooks.js:1729:8)"],"location":{"line":525,"column":5},"meta":{}},{"ancestorTitles":["WeiboDataCleaner - 微博数据清洗集成测试","元数据处理"],"fullName":"WeiboDataCleaner - 微博数据清洗集成测试 元数据处理 应该包含原始事件信息在错误处理中","status":"failed","title":"应该包含原始事件信息在错误处理中","duration":0.20381999999972322,"failureMessages":["ReferenceError: jest is not defined\n    at /home/ubuntu/worktrees/pro/apps/crawler/src/data-cleaner/weibo-data-cleaner.integration.spec.ts:152:12\n    at file:///home/ubuntu/worktrees/pro/node_modules/@vitest/runner/dist/chunk-hooks.js:155:11\n    at file:///home/ubuntu/worktrees/pro/node_modules/@vitest/runner/dist/chunk-hooks.js:1897:20\n    at new Promise (<anonymous>)\n    at runWithTimeout (file:///home/ubuntu/worktrees/pro/node_modules/@vitest/runner/dist/chunk-hooks.js:1863:10)\n    at runHook (file:///home/ubuntu/worktrees/pro/node_modules/@vitest/runner/dist/chunk-hooks.js:1436:51)\n    at callSuiteHook (file:///home/ubuntu/worktrees/pro/node_modules/@vitest/runner/dist/chunk-hooks.js:1442:25)\n    at callSuiteHook (file:///home/ubuntu/worktrees/pro/node_modules/@vitest/runner/dist/chunk-hooks.js:1429:21)\n    at runTest (file:///home/ubuntu/worktrees/pro/node_modules/@vitest/runner/dist/chunk-hooks.js:1566:26)\n    at runSuite (file:///home/ubuntu/worktrees/pro/node_modules/@vitest/runner/dist/chunk-hooks.js:1729:8)"],"location":{"line":541,"column":5},"meta":{}}],"startTime":1760865981502,"endTime":1760865981508.2039,"status":"failed","message":"","name":"/home/ubuntu/worktrees/pro/apps/crawler/src/data-cleaner/weibo-data-cleaner.integration.spec.ts"},{"assertionResults":[{"ancestorTitles":["RequestMonitorService"],"fullName":"RequestMonitorService should be defined","status":"passed","title":"should be defined","duration":14.908404000000019,"failureMessages":[],"location":{"line":65,"column":3},"meta":{}},{"ancestorTitles":["RequestMonitorService","recordRequest"],"fullName":"RequestMonitorService recordRequest should record successful request","status":"passed","title":"should record successful request","duration":5.8113160000000335,"failureMessages":[],"location":{"line":70,"column":5},"meta":{}},{"ancestorTitles":["RequestMonitorService","recordRequest"],"fullName":"RequestMonitorService recordRequest should record failed request","status":"passed","title":"should record failed request","duration":3.1444080000001122,"failureMessages":[],"location":{"line":80,"column":5},"meta":{}},{"ancestorTitles":["RequestMonitorService","recordRequest"],"fullName":"RequestMonitorService recordRequest should not record when monitoring is disabled","status":"passed","title":"should not record when monitoring is disabled","duration":2.245830000000069,"failureMessages":[],"location":{"line":87,"column":5},"meta":{}},{"ancestorTitles":["RequestMonitorService","recordRequest"],"fullName":"RequestMonitorService recordRequest should maintain max history size","status":"failed","title":"should maintain max history size","duration":362.5411270000002,"failureMessages":["AssertionError: expected 1100 to be less than or equal to 1000\n    at /home/ubuntu/worktrees/pro/apps/crawler/src/monitoring/request-monitor.service.spec.ts:106:43\n    at file:///home/ubuntu/worktrees/pro/node_modules/@vitest/runner/dist/chunk-hooks.js:155:11\n    at file:///home/ubuntu/worktrees/pro/node_modules/@vitest/runner/dist/chunk-hooks.js:752:26\n    at file:///home/ubuntu/worktrees/pro/node_modules/@vitest/runner/dist/chunk-hooks.js:1897:20\n    at new Promise (<anonymous>)\n    at runWithTimeout (file:///home/ubuntu/worktrees/pro/node_modules/@vitest/runner/dist/chunk-hooks.js:1863:10)\n    at runTest (file:///home/ubuntu/worktrees/pro/node_modules/@vitest/runner/dist/chunk-hooks.js:1574:12)\n    at runSuite (file:///home/ubuntu/worktrees/pro/node_modules/@vitest/runner/dist/chunk-hooks.js:1729:8)\n    at runSuite (file:///home/ubuntu/worktrees/pro/node_modules/@vitest/runner/dist/chunk-hooks.js:1729:8)\n    at runSuite (file:///home/ubuntu/worktrees/pro/node_modules/@vitest/runner/dist/chunk-hooks.js:1729:8)"],"location":{"line":97,"column":5},"meta":{}},{"ancestorTitles":["RequestMonitorService","getCurrentStats"],"fullName":"RequestMonitorService getCurrentStats should return correct statistics for current window","status":"failed","title":"should return correct statistics for current window","duration":6.344444999999951,"failureMessages":["AssertionError: expected 4123.907532706964 to be 2000 // Object.is equality\n    at /home/ubuntu/worktrees/pro/apps/crawler/src/monitoring/request-monitor.service.spec.ts:121:36\n    at file:///home/ubuntu/worktrees/pro/node_modules/@vitest/runner/dist/chunk-hooks.js:155:11\n    at file:///home/ubuntu/worktrees/pro/node_modules/@vitest/runner/dist/chunk-hooks.js:752:26\n    at file:///home/ubuntu/worktrees/pro/node_modules/@vitest/runner/dist/chunk-hooks.js:1897:20\n    at new Promise (<anonymous>)\n    at runWithTimeout (file:///home/ubuntu/worktrees/pro/node_modules/@vitest/runner/dist/chunk-hooks.js:1863:10)\n    at runTest (file:///home/ubuntu/worktrees/pro/node_modules/@vitest/runner/dist/chunk-hooks.js:1574:12)\n    at runSuite (file:///home/ubuntu/worktrees/pro/node_modules/@vitest/runner/dist/chunk-hooks.js:1729:8)\n    at runSuite (file:///home/ubuntu/worktrees/pro/node_modules/@vitest/runner/dist/chunk-hooks.js:1729:8)\n    at runSuite (file:///home/ubuntu/worktrees/pro/node_modules/@vitest/runner/dist/chunk-hooks.js:1729:8)"],"location":{"line":111,"column":5},"meta":{}},{"ancestorTitles":["RequestMonitorService","getCurrentStats"],"fullName":"RequestMonitorService getCurrentStats should detect throttling when requests exceed limit","status":"passed","title":"should detect throttling when requests exceed limit","duration":2.2140269999999873,"failureMessages":[],"location":{"line":129,"column":5},"meta":{}},{"ancestorTitles":["RequestMonitorService","getCurrentStats"],"fullName":"RequestMonitorService getCurrentStats should return default stats for empty window","status":"passed","title":"should return default stats for empty window","duration":1.8131459999999606,"failureMessages":[],"location":{"line":139,"column":5},"meta":{}},{"ancestorTitles":["RequestMonitorService","getDetailedStats"],"fullName":"RequestMonitorService getDetailedStats should return detailed statistics","status":"passed","title":"should return detailed statistics","duration":2.8307290000000194,"failureMessages":[],"location":{"line":152,"column":5},"meta":{}},{"ancestorTitles":["RequestMonitorService","setCurrentDelay"],"fullName":"RequestMonitorService setCurrentDelay should set delay within bounds","status":"passed","title":"should set delay within bounds","duration":1.972440000000006,"failureMessages":[],"location":{"line":176,"column":5},"meta":{}},{"ancestorTitles":["RequestMonitorService","setCurrentDelay"],"fullName":"RequestMonitorService setCurrentDelay should clamp delay to maximum","status":"passed","title":"should clamp delay to maximum","duration":2.0233250000001135,"failureMessages":[],"location":{"line":181,"column":5},"meta":{}},{"ancestorTitles":["RequestMonitorService","setCurrentDelay"],"fullName":"RequestMonitorService setCurrentDelay should clamp delay to minimum","status":"passed","title":"should clamp delay to minimum","duration":1.4848540000000412,"failureMessages":[],"location":{"line":186,"column":5},"meta":{}},{"ancestorTitles":["RequestMonitorService","adaptive delay"],"fullName":"RequestMonitorService adaptive delay should increase delay when throttling","status":"failed","title":"should increase delay when throttling","duration":2.3863830000000235,"failureMessages":["AssertionError: expected 1071.848495685658 to be greater than 1071.848495685658\n    at /home/ubuntu/worktrees/pro/apps/crawler/src/monitoring/request-monitor.service.spec.ts:205:24\n    at file:///home/ubuntu/worktrees/pro/node_modules/@vitest/runner/dist/chunk-hooks.js:155:11\n    at file:///home/ubuntu/worktrees/pro/node_modules/@vitest/runner/dist/chunk-hooks.js:752:26\n    at file:///home/ubuntu/worktrees/pro/node_modules/@vitest/runner/dist/chunk-hooks.js:1897:20\n    at new Promise (<anonymous>)\n    at runWithTimeout (file:///home/ubuntu/worktrees/pro/node_modules/@vitest/runner/dist/chunk-hooks.js:1863:10)\n    at runTest (file:///home/ubuntu/worktrees/pro/node_modules/@vitest/runner/dist/chunk-hooks.js:1574:12)\n    at runSuite (file:///home/ubuntu/worktrees/pro/node_modules/@vitest/runner/dist/chunk-hooks.js:1729:8)\n    at runSuite (file:///home/ubuntu/worktrees/pro/node_modules/@vitest/runner/dist/chunk-hooks.js:1729:8)\n    at runSuite (file:///home/ubuntu/worktrees/pro/node_modules/@vitest/runner/dist/chunk-hooks.js:1729:8)"],"location":{"line":193,"column":5},"meta":{}},{"ancestorTitles":["RequestMonitorService","adaptive delay"],"fullName":"RequestMonitorService adaptive delay should decrease delay when request rate is low","status":"passed","title":"should decrease delay when request rate is low","duration":1.6495640000000549,"failureMessages":[],"location":{"line":208,"column":5},"meta":{}},{"ancestorTitles":["RequestMonitorService","adaptive delay"],"fullName":"RequestMonitorService adaptive delay should increase delay when success rate is low","status":"failed","title":"should increase delay when success rate is low","duration":3.5272059999999783,"failureMessages":["AssertionError: expected 30000 to be greater than 30000\n    at /home/ubuntu/worktrees/pro/apps/crawler/src/monitoring/request-monitor.service.spec.ts:235:24\n    at file:///home/ubuntu/worktrees/pro/node_modules/@vitest/runner/dist/chunk-hooks.js:155:11\n    at file:///home/ubuntu/worktrees/pro/node_modules/@vitest/runner/dist/chunk-hooks.js:752:26\n    at file:///home/ubuntu/worktrees/pro/node_modules/@vitest/runner/dist/chunk-hooks.js:1897:20\n    at new Promise (<anonymous>)\n    at runWithTimeout (file:///home/ubuntu/worktrees/pro/node_modules/@vitest/runner/dist/chunk-hooks.js:1863:10)\n    at runTest (file:///home/ubuntu/worktrees/pro/node_modules/@vitest/runner/dist/chunk-hooks.js:1574:12)\n    at runSuite (file:///home/ubuntu/worktrees/pro/node_modules/@vitest/runner/dist/chunk-hooks.js:1729:8)\n    at runSuite (file:///home/ubuntu/worktrees/pro/node_modules/@vitest/runner/dist/chunk-hooks.js:1729:8)\n    at runSuite (file:///home/ubuntu/worktrees/pro/node_modules/@vitest/runner/dist/chunk-hooks.js:1729:8)"],"location":{"line":223,"column":5},"meta":{}},{"ancestorTitles":["RequestMonitorService","adaptive delay"],"fullName":"RequestMonitorService adaptive delay should increase delay when response time is high","status":"passed","title":"should increase delay when response time is high","duration":4.33032100000014,"failureMessages":[],"location":{"line":238,"column":5},"meta":{}},{"ancestorTitles":["RequestMonitorService","waitForNextRequest"],"fullName":"RequestMonitorService waitForNextRequest should wait for current delay time","status":"passed","title":"should wait for current delay time","duration":2004.022457,"failureMessages":[],"location":{"line":254,"column":5},"meta":{}},{"ancestorTitles":["RequestMonitorService","waitForNextRequest"],"fullName":"RequestMonitorService waitForNextRequest should return immediately when monitoring is disabled","status":"passed","title":"should return immediately when monitoring is disabled","duration":1.169622999999774,"failureMessages":[],"location":{"line":266,"column":5},"meta":{}},{"ancestorTitles":["RequestMonitorService","reset"],"fullName":"RequestMonitorService reset should clear all requests and reset delay","status":"passed","title":"should clear all requests and reset delay","duration":1.1440779999998085,"failureMessages":[],"location":{"line":280,"column":5},"meta":{}}],"startTime":1760865975446,"endTime":1760865980173.144,"status":"failed","message":"","name":"/home/ubuntu/worktrees/pro/apps/crawler/src/monitoring/request-monitor.service.spec.ts"},{"assertionResults":[{"ancestorTitles":["RobotsService"],"fullName":"RobotsService should be defined","status":"failed","title":"should be defined","duration":1.5511310000001686,"failureMessages":["ReferenceError: jest is not defined\n    at /home/ubuntu/worktrees/pro/apps/crawler/src/robots/robots.service.spec.ts:55:12\n    at file:///home/ubuntu/worktrees/pro/node_modules/@vitest/runner/dist/chunk-hooks.js:155:11\n    at file:///home/ubuntu/worktrees/pro/node_modules/@vitest/runner/dist/chunk-hooks.js:1897:20\n    at new Promise (<anonymous>)\n    at runWithTimeout (file:///home/ubuntu/worktrees/pro/node_modules/@vitest/runner/dist/chunk-hooks.js:1863:10)\n    at runHook (file:///home/ubuntu/worktrees/pro/node_modules/@vitest/runner/dist/chunk-hooks.js:1436:51)\n    at callSuiteHook (file:///home/ubuntu/worktrees/pro/node_modules/@vitest/runner/dist/chunk-hooks.js:1442:25)\n    at runTest (file:///home/ubuntu/worktrees/pro/node_modules/@vitest/runner/dist/chunk-hooks.js:1566:26)\n    at runSuite (file:///home/ubuntu/worktrees/pro/node_modules/@vitest/runner/dist/chunk-hooks.js:1729:8)\n    at runSuite (file:///home/ubuntu/worktrees/pro/node_modules/@vitest/runner/dist/chunk-hooks.js:1729:8)","ReferenceError: jest is not defined\n    at /home/ubuntu/worktrees/pro/apps/crawler/src/robots/robots.service.spec.ts:292:5\n    at file:///home/ubuntu/worktrees/pro/node_modules/@vitest/runner/dist/chunk-hooks.js:155:11\n    at file:///home/ubuntu/worktrees/pro/node_modules/@vitest/runner/dist/chunk-hooks.js:1897:20\n    at new Promise (<anonymous>)\n    at runWithTimeout (file:///home/ubuntu/worktrees/pro/node_modules/@vitest/runner/dist/chunk-hooks.js:1863:10)\n    at runHook (file:///home/ubuntu/worktrees/pro/node_modules/@vitest/runner/dist/chunk-hooks.js:1436:51)\n    at callSuiteHook (file:///home/ubuntu/worktrees/pro/node_modules/@vitest/runner/dist/chunk-hooks.js:1442:25)\n    at runTest (file:///home/ubuntu/worktrees/pro/node_modules/@vitest/runner/dist/chunk-hooks.js:1597:11)\n    at runSuite (file:///home/ubuntu/worktrees/pro/node_modules/@vitest/runner/dist/chunk-hooks.js:1729:8)\n    at runSuite (file:///home/ubuntu/worktrees/pro/node_modules/@vitest/runner/dist/chunk-hooks.js:1729:8)"],"location":{"line":76,"column":3},"meta":{}},{"ancestorTitles":["RobotsService","isUrlAllowed"],"fullName":"RobotsService isUrlAllowed should return true when robots checking is disabled","status":"failed","title":"should return true when robots checking is disabled","duration":0.4685859999999593,"failureMessages":["ReferenceError: jest is not defined\n    at /home/ubuntu/worktrees/pro/apps/crawler/src/robots/robots.service.spec.ts:55:12\n    at file:///home/ubuntu/worktrees/pro/node_modules/@vitest/runner/dist/chunk-hooks.js:155:11\n    at file:///home/ubuntu/worktrees/pro/node_modules/@vitest/runner/dist/chunk-hooks.js:1897:20\n    at new Promise (<anonymous>)\n    at runWithTimeout (file:///home/ubuntu/worktrees/pro/node_modules/@vitest/runner/dist/chunk-hooks.js:1863:10)\n    at runHook (file:///home/ubuntu/worktrees/pro/node_modules/@vitest/runner/dist/chunk-hooks.js:1436:51)\n    at callSuiteHook (file:///home/ubuntu/worktrees/pro/node_modules/@vitest/runner/dist/chunk-hooks.js:1442:25)\n    at callSuiteHook (file:///home/ubuntu/worktrees/pro/node_modules/@vitest/runner/dist/chunk-hooks.js:1429:21)\n    at runTest (file:///home/ubuntu/worktrees/pro/node_modules/@vitest/runner/dist/chunk-hooks.js:1566:26)\n    at runSuite (file:///home/ubuntu/worktrees/pro/node_modules/@vitest/runner/dist/chunk-hooks.js:1729:8)","ReferenceError: jest is not defined\n    at /home/ubuntu/worktrees/pro/apps/crawler/src/robots/robots.service.spec.ts:292:5\n    at file:///home/ubuntu/worktrees/pro/node_modules/@vitest/runner/dist/chunk-hooks.js:155:11\n    at file:///home/ubuntu/worktrees/pro/node_modules/@vitest/runner/dist/chunk-hooks.js:1897:20\n    at new Promise (<anonymous>)\n    at runWithTimeout (file:///home/ubuntu/worktrees/pro/node_modules/@vitest/runner/dist/chunk-hooks.js:1863:10)\n    at runHook (file:///home/ubuntu/worktrees/pro/node_modules/@vitest/runner/dist/chunk-hooks.js:1436:51)\n    at callSuiteHook (file:///home/ubuntu/worktrees/pro/node_modules/@vitest/runner/dist/chunk-hooks.js:1442:25)\n    at callSuiteHook (file:///home/ubuntu/worktrees/pro/node_modules/@vitest/runner/dist/chunk-hooks.js:1449:27)\n    at runTest (file:///home/ubuntu/worktrees/pro/node_modules/@vitest/runner/dist/chunk-hooks.js:1597:11)\n    at runSuite (file:///home/ubuntu/worktrees/pro/node_modules/@vitest/runner/dist/chunk-hooks.js:1729:8)"],"location":{"line":81,"column":5},"meta":{}},{"ancestorTitles":["RobotsService","isUrlAllowed"],"fullName":"RobotsService isUrlAllowed should return true when robots.txt is not accessible","status":"failed","title":"should return true when robots.txt is not accessible","duration":0.5672879999997349,"failureMessages":["ReferenceError: jest is not defined\n    at /home/ubuntu/worktrees/pro/apps/crawler/src/robots/robots.service.spec.ts:55:12\n    at file:///home/ubuntu/worktrees/pro/node_modules/@vitest/runner/dist/chunk-hooks.js:155:11\n    at file:///home/ubuntu/worktrees/pro/node_modules/@vitest/runner/dist/chunk-hooks.js:1897:20\n    at new Promise (<anonymous>)\n    at runWithTimeout (file:///home/ubuntu/worktrees/pro/node_modules/@vitest/runner/dist/chunk-hooks.js:1863:10)\n    at runHook (file:///home/ubuntu/worktrees/pro/node_modules/@vitest/runner/dist/chunk-hooks.js:1436:51)\n    at callSuiteHook (file:///home/ubuntu/worktrees/pro/node_modules/@vitest/runner/dist/chunk-hooks.js:1442:25)\n    at callSuiteHook (file:///home/ubuntu/worktrees/pro/node_modules/@vitest/runner/dist/chunk-hooks.js:1429:21)\n    at runTest (file:///home/ubuntu/worktrees/pro/node_modules/@vitest/runner/dist/chunk-hooks.js:1566:26)\n    at runSuite (file:///home/ubuntu/worktrees/pro/node_modules/@vitest/runner/dist/chunk-hooks.js:1729:8)","ReferenceError: jest is not defined\n    at /home/ubuntu/worktrees/pro/apps/crawler/src/robots/robots.service.spec.ts:292:5\n    at file:///home/ubuntu/worktrees/pro/node_modules/@vitest/runner/dist/chunk-hooks.js:155:11\n    at file:///home/ubuntu/worktrees/pro/node_modules/@vitest/runner/dist/chunk-hooks.js:1897:20\n    at new Promise (<anonymous>)\n    at runWithTimeout (file:///home/ubuntu/worktrees/pro/node_modules/@vitest/runner/dist/chunk-hooks.js:1863:10)\n    at runHook (file:///home/ubuntu/worktrees/pro/node_modules/@vitest/runner/dist/chunk-hooks.js:1436:51)\n    at callSuiteHook (file:///home/ubuntu/worktrees/pro/node_modules/@vitest/runner/dist/chunk-hooks.js:1442:25)\n    at callSuiteHook (file:///home/ubuntu/worktrees/pro/node_modules/@vitest/runner/dist/chunk-hooks.js:1449:27)\n    at runTest (file:///home/ubuntu/worktrees/pro/node_modules/@vitest/runner/dist/chunk-hooks.js:1597:11)\n    at runSuite (file:///home/ubuntu/worktrees/pro/node_modules/@vitest/runner/dist/chunk-hooks.js:1729:8)"],"location":{"line":89,"column":5},"meta":{}},{"ancestorTitles":["RobotsService","isUrlAllowed"],"fullName":"RobotsService isUrlAllowed should return true for allowed paths","status":"failed","title":"should return true for allowed paths","duration":0.3122560000001613,"failureMessages":["ReferenceError: jest is not defined\n    at /home/ubuntu/worktrees/pro/apps/crawler/src/robots/robots.service.spec.ts:55:12\n    at file:///home/ubuntu/worktrees/pro/node_modules/@vitest/runner/dist/chunk-hooks.js:155:11\n    at file:///home/ubuntu/worktrees/pro/node_modules/@vitest/runner/dist/chunk-hooks.js:1897:20\n    at new Promise (<anonymous>)\n    at runWithTimeout (file:///home/ubuntu/worktrees/pro/node_modules/@vitest/runner/dist/chunk-hooks.js:1863:10)\n    at runHook (file:///home/ubuntu/worktrees/pro/node_modules/@vitest/runner/dist/chunk-hooks.js:1436:51)\n    at callSuiteHook (file:///home/ubuntu/worktrees/pro/node_modules/@vitest/runner/dist/chunk-hooks.js:1442:25)\n    at callSuiteHook (file:///home/ubuntu/worktrees/pro/node_modules/@vitest/runner/dist/chunk-hooks.js:1429:21)\n    at runTest (file:///home/ubuntu/worktrees/pro/node_modules/@vitest/runner/dist/chunk-hooks.js:1566:26)\n    at runSuite (file:///home/ubuntu/worktrees/pro/node_modules/@vitest/runner/dist/chunk-hooks.js:1729:8)","ReferenceError: jest is not defined\n    at /home/ubuntu/worktrees/pro/apps/crawler/src/robots/robots.service.spec.ts:292:5\n    at file:///home/ubuntu/worktrees/pro/node_modules/@vitest/runner/dist/chunk-hooks.js:155:11\n    at file:///home/ubuntu/worktrees/pro/node_modules/@vitest/runner/dist/chunk-hooks.js:1897:20\n    at new Promise (<anonymous>)\n    at runWithTimeout (file:///home/ubuntu/worktrees/pro/node_modules/@vitest/runner/dist/chunk-hooks.js:1863:10)\n    at runHook (file:///home/ubuntu/worktrees/pro/node_modules/@vitest/runner/dist/chunk-hooks.js:1436:51)\n    at callSuiteHook (file:///home/ubuntu/worktrees/pro/node_modules/@vitest/runner/dist/chunk-hooks.js:1442:25)\n    at callSuiteHook (file:///home/ubuntu/worktrees/pro/node_modules/@vitest/runner/dist/chunk-hooks.js:1449:27)\n    at runTest (file:///home/ubuntu/worktrees/pro/node_modules/@vitest/runner/dist/chunk-hooks.js:1597:11)\n    at runSuite (file:///home/ubuntu/worktrees/pro/node_modules/@vitest/runner/dist/chunk-hooks.js:1729:8)"],"location":{"line":97,"column":5},"meta":{}},{"ancestorTitles":["RobotsService","isUrlAllowed"],"fullName":"RobotsService isUrlAllowed should return false for disallowed paths","status":"failed","title":"should return false for disallowed paths","duration":0.44949199999973644,"failureMessages":["ReferenceError: jest is not defined\n    at /home/ubuntu/worktrees/pro/apps/crawler/src/robots/robots.service.spec.ts:55:12\n    at file:///home/ubuntu/worktrees/pro/node_modules/@vitest/runner/dist/chunk-hooks.js:155:11\n    at file:///home/ubuntu/worktrees/pro/node_modules/@vitest/runner/dist/chunk-hooks.js:1897:20\n    at new Promise (<anonymous>)\n    at runWithTimeout (file:///home/ubuntu/worktrees/pro/node_modules/@vitest/runner/dist/chunk-hooks.js:1863:10)\n    at runHook (file:///home/ubuntu/worktrees/pro/node_modules/@vitest/runner/dist/chunk-hooks.js:1436:51)\n    at callSuiteHook (file:///home/ubuntu/worktrees/pro/node_modules/@vitest/runner/dist/chunk-hooks.js:1442:25)\n    at callSuiteHook (file:///home/ubuntu/worktrees/pro/node_modules/@vitest/runner/dist/chunk-hooks.js:1429:21)\n    at runTest (file:///home/ubuntu/worktrees/pro/node_modules/@vitest/runner/dist/chunk-hooks.js:1566:26)\n    at runSuite (file:///home/ubuntu/worktrees/pro/node_modules/@vitest/runner/dist/chunk-hooks.js:1729:8)","ReferenceError: jest is not defined\n    at /home/ubuntu/worktrees/pro/apps/crawler/src/robots/robots.service.spec.ts:292:5\n    at file:///home/ubuntu/worktrees/pro/node_modules/@vitest/runner/dist/chunk-hooks.js:155:11\n    at file:///home/ubuntu/worktrees/pro/node_modules/@vitest/runner/dist/chunk-hooks.js:1897:20\n    at new Promise (<anonymous>)\n    at runWithTimeout (file:///home/ubuntu/worktrees/pro/node_modules/@vitest/runner/dist/chunk-hooks.js:1863:10)\n    at runHook (file:///home/ubuntu/worktrees/pro/node_modules/@vitest/runner/dist/chunk-hooks.js:1436:51)\n    at callSuiteHook (file:///home/ubuntu/worktrees/pro/node_modules/@vitest/runner/dist/chunk-hooks.js:1442:25)\n    at callSuiteHook (file:///home/ubuntu/worktrees/pro/node_modules/@vitest/runner/dist/chunk-hooks.js:1449:27)\n    at runTest (file:///home/ubuntu/worktrees/pro/node_modules/@vitest/runner/dist/chunk-hooks.js:1597:11)\n    at runSuite (file:///home/ubuntu/worktrees/pro/node_modules/@vitest/runner/dist/chunk-hooks.js:1729:8)"],"location":{"line":115,"column":5},"meta":{}},{"ancestorTitles":["RobotsService","isUrlAllowed"],"fullName":"RobotsService isUrlAllowed should respect specific user-agent rules","status":"failed","title":"should respect specific user-agent rules","duration":0.4490539999997054,"failureMessages":["ReferenceError: jest is not defined\n    at /home/ubuntu/worktrees/pro/apps/crawler/src/robots/robots.service.spec.ts:55:12\n    at file:///home/ubuntu/worktrees/pro/node_modules/@vitest/runner/dist/chunk-hooks.js:155:11\n    at file:///home/ubuntu/worktrees/pro/node_modules/@vitest/runner/dist/chunk-hooks.js:1897:20\n    at new Promise (<anonymous>)\n    at runWithTimeout (file:///home/ubuntu/worktrees/pro/node_modules/@vitest/runner/dist/chunk-hooks.js:1863:10)\n    at runHook (file:///home/ubuntu/worktrees/pro/node_modules/@vitest/runner/dist/chunk-hooks.js:1436:51)\n    at callSuiteHook (file:///home/ubuntu/worktrees/pro/node_modules/@vitest/runner/dist/chunk-hooks.js:1442:25)\n    at callSuiteHook (file:///home/ubuntu/worktrees/pro/node_modules/@vitest/runner/dist/chunk-hooks.js:1429:21)\n    at runTest (file:///home/ubuntu/worktrees/pro/node_modules/@vitest/runner/dist/chunk-hooks.js:1566:26)\n    at runSuite (file:///home/ubuntu/worktrees/pro/node_modules/@vitest/runner/dist/chunk-hooks.js:1729:8)","ReferenceError: jest is not defined\n    at /home/ubuntu/worktrees/pro/apps/crawler/src/robots/robots.service.spec.ts:292:5\n    at file:///home/ubuntu/worktrees/pro/node_modules/@vitest/runner/dist/chunk-hooks.js:155:11\n    at file:///home/ubuntu/worktrees/pro/node_modules/@vitest/runner/dist/chunk-hooks.js:1897:20\n    at new Promise (<anonymous>)\n    at runWithTimeout (file:///home/ubuntu/worktrees/pro/node_modules/@vitest/runner/dist/chunk-hooks.js:1863:10)\n    at runHook (file:///home/ubuntu/worktrees/pro/node_modules/@vitest/runner/dist/chunk-hooks.js:1436:51)\n    at callSuiteHook (file:///home/ubuntu/worktrees/pro/node_modules/@vitest/runner/dist/chunk-hooks.js:1442:25)\n    at callSuiteHook (file:///home/ubuntu/worktrees/pro/node_modules/@vitest/runner/dist/chunk-hooks.js:1449:27)\n    at runTest (file:///home/ubuntu/worktrees/pro/node_modules/@vitest/runner/dist/chunk-hooks.js:1597:11)\n    at runSuite (file:///home/ubuntu/worktrees/pro/node_modules/@vitest/runner/dist/chunk-hooks.js:1729:8)"],"location":{"line":133,"column":5},"meta":{}},{"ancestorTitles":["RobotsService","isUrlAllowed"],"fullName":"RobotsService isUrlAllowed should handle wildcard patterns","status":"failed","title":"should handle wildcard patterns","duration":0.4009469999996327,"failureMessages":["ReferenceError: jest is not defined\n    at /home/ubuntu/worktrees/pro/apps/crawler/src/robots/robots.service.spec.ts:55:12\n    at file:///home/ubuntu/worktrees/pro/node_modules/@vitest/runner/dist/chunk-hooks.js:155:11\n    at file:///home/ubuntu/worktrees/pro/node_modules/@vitest/runner/dist/chunk-hooks.js:1897:20\n    at new Promise (<anonymous>)\n    at runWithTimeout (file:///home/ubuntu/worktrees/pro/node_modules/@vitest/runner/dist/chunk-hooks.js:1863:10)\n    at runHook (file:///home/ubuntu/worktrees/pro/node_modules/@vitest/runner/dist/chunk-hooks.js:1436:51)\n    at callSuiteHook (file:///home/ubuntu/worktrees/pro/node_modules/@vitest/runner/dist/chunk-hooks.js:1442:25)\n    at callSuiteHook (file:///home/ubuntu/worktrees/pro/node_modules/@vitest/runner/dist/chunk-hooks.js:1429:21)\n    at runTest (file:///home/ubuntu/worktrees/pro/node_modules/@vitest/runner/dist/chunk-hooks.js:1566:26)\n    at runSuite (file:///home/ubuntu/worktrees/pro/node_modules/@vitest/runner/dist/chunk-hooks.js:1729:8)","ReferenceError: jest is not defined\n    at /home/ubuntu/worktrees/pro/apps/crawler/src/robots/robots.service.spec.ts:292:5\n    at file:///home/ubuntu/worktrees/pro/node_modules/@vitest/runner/dist/chunk-hooks.js:155:11\n    at file:///home/ubuntu/worktrees/pro/node_modules/@vitest/runner/dist/chunk-hooks.js:1897:20\n    at new Promise (<anonymous>)\n    at runWithTimeout (file:///home/ubuntu/worktrees/pro/node_modules/@vitest/runner/dist/chunk-hooks.js:1863:10)\n    at runHook (file:///home/ubuntu/worktrees/pro/node_modules/@vitest/runner/dist/chunk-hooks.js:1436:51)\n    at callSuiteHook (file:///home/ubuntu/worktrees/pro/node_modules/@vitest/runner/dist/chunk-hooks.js:1442:25)\n    at callSuiteHook (file:///home/ubuntu/worktrees/pro/node_modules/@vitest/runner/dist/chunk-hooks.js:1449:27)\n    at runTest (file:///home/ubuntu/worktrees/pro/node_modules/@vitest/runner/dist/chunk-hooks.js:1597:11)\n    at runSuite (file:///home/ubuntu/worktrees/pro/node_modules/@vitest/runner/dist/chunk-hooks.js:1729:8)"],"location":{"line":156,"column":5},"meta":{}},{"ancestorTitles":["RobotsService","getCrawlDelay"],"fullName":"RobotsService getCrawlDelay should return fallback delay when robots checking is disabled","status":"failed","title":"should return fallback delay when robots checking is disabled","duration":0.34423500000002605,"failureMessages":["ReferenceError: jest is not defined\n    at /home/ubuntu/worktrees/pro/apps/crawler/src/robots/robots.service.spec.ts:55:12\n    at file:///home/ubuntu/worktrees/pro/node_modules/@vitest/runner/dist/chunk-hooks.js:155:11\n    at file:///home/ubuntu/worktrees/pro/node_modules/@vitest/runner/dist/chunk-hooks.js:1897:20\n    at new Promise (<anonymous>)\n    at runWithTimeout (file:///home/ubuntu/worktrees/pro/node_modules/@vitest/runner/dist/chunk-hooks.js:1863:10)\n    at runHook (file:///home/ubuntu/worktrees/pro/node_modules/@vitest/runner/dist/chunk-hooks.js:1436:51)\n    at callSuiteHook (file:///home/ubuntu/worktrees/pro/node_modules/@vitest/runner/dist/chunk-hooks.js:1442:25)\n    at callSuiteHook (file:///home/ubuntu/worktrees/pro/node_modules/@vitest/runner/dist/chunk-hooks.js:1429:21)\n    at runTest (file:///home/ubuntu/worktrees/pro/node_modules/@vitest/runner/dist/chunk-hooks.js:1566:26)\n    at runSuite (file:///home/ubuntu/worktrees/pro/node_modules/@vitest/runner/dist/chunk-hooks.js:1729:8)","ReferenceError: jest is not defined\n    at /home/ubuntu/worktrees/pro/apps/crawler/src/robots/robots.service.spec.ts:292:5\n    at file:///home/ubuntu/worktrees/pro/node_modules/@vitest/runner/dist/chunk-hooks.js:155:11\n    at file:///home/ubuntu/worktrees/pro/node_modules/@vitest/runner/dist/chunk-hooks.js:1897:20\n    at new Promise (<anonymous>)\n    at runWithTimeout (file:///home/ubuntu/worktrees/pro/node_modules/@vitest/runner/dist/chunk-hooks.js:1863:10)\n    at runHook (file:///home/ubuntu/worktrees/pro/node_modules/@vitest/runner/dist/chunk-hooks.js:1436:51)\n    at callSuiteHook (file:///home/ubuntu/worktrees/pro/node_modules/@vitest/runner/dist/chunk-hooks.js:1442:25)\n    at callSuiteHook (file:///home/ubuntu/worktrees/pro/node_modules/@vitest/runner/dist/chunk-hooks.js:1449:27)\n    at runTest (file:///home/ubuntu/worktrees/pro/node_modules/@vitest/runner/dist/chunk-hooks.js:1597:11)\n    at runSuite (file:///home/ubuntu/worktrees/pro/node_modules/@vitest/runner/dist/chunk-hooks.js:1729:8)"],"location":{"line":179,"column":5},"meta":{}},{"ancestorTitles":["RobotsService","getCrawlDelay"],"fullName":"RobotsService getCrawlDelay should return fallback delay when crawl-delay is not specified","status":"failed","title":"should return fallback delay when crawl-delay is not specified","duration":0.45024700000021767,"failureMessages":["ReferenceError: jest is not defined\n    at /home/ubuntu/worktrees/pro/apps/crawler/src/robots/robots.service.spec.ts:55:12\n    at file:///home/ubuntu/worktrees/pro/node_modules/@vitest/runner/dist/chunk-hooks.js:155:11\n    at file:///home/ubuntu/worktrees/pro/node_modules/@vitest/runner/dist/chunk-hooks.js:1897:20\n    at new Promise (<anonymous>)\n    at runWithTimeout (file:///home/ubuntu/worktrees/pro/node_modules/@vitest/runner/dist/chunk-hooks.js:1863:10)\n    at runHook (file:///home/ubuntu/worktrees/pro/node_modules/@vitest/runner/dist/chunk-hooks.js:1436:51)\n    at callSuiteHook (file:///home/ubuntu/worktrees/pro/node_modules/@vitest/runner/dist/chunk-hooks.js:1442:25)\n    at callSuiteHook (file:///home/ubuntu/worktrees/pro/node_modules/@vitest/runner/dist/chunk-hooks.js:1429:21)\n    at runTest (file:///home/ubuntu/worktrees/pro/node_modules/@vitest/runner/dist/chunk-hooks.js:1566:26)\n    at runSuite (file:///home/ubuntu/worktrees/pro/node_modules/@vitest/runner/dist/chunk-hooks.js:1729:8)","ReferenceError: jest is not defined\n    at /home/ubuntu/worktrees/pro/apps/crawler/src/robots/robots.service.spec.ts:292:5\n    at file:///home/ubuntu/worktrees/pro/node_modules/@vitest/runner/dist/chunk-hooks.js:155:11\n    at file:///home/ubuntu/worktrees/pro/node_modules/@vitest/runner/dist/chunk-hooks.js:1897:20\n    at new Promise (<anonymous>)\n    at runWithTimeout (file:///home/ubuntu/worktrees/pro/node_modules/@vitest/runner/dist/chunk-hooks.js:1863:10)\n    at runHook (file:///home/ubuntu/worktrees/pro/node_modules/@vitest/runner/dist/chunk-hooks.js:1436:51)\n    at callSuiteHook (file:///home/ubuntu/worktrees/pro/node_modules/@vitest/runner/dist/chunk-hooks.js:1442:25)\n    at callSuiteHook (file:///home/ubuntu/worktrees/pro/node_modules/@vitest/runner/dist/chunk-hooks.js:1449:27)\n    at runTest (file:///home/ubuntu/worktrees/pro/node_modules/@vitest/runner/dist/chunk-hooks.js:1597:11)\n    at runSuite (file:///home/ubuntu/worktrees/pro/node_modules/@vitest/runner/dist/chunk-hooks.js:1729:8)"],"location":{"line":187,"column":5},"meta":{}},{"ancestorTitles":["RobotsService","getCrawlDelay"],"fullName":"RobotsService getCrawlDelay should return specified crawl-delay","status":"failed","title":"should return specified crawl-delay","duration":0.3308380000003126,"failureMessages":["ReferenceError: jest is not defined\n    at /home/ubuntu/worktrees/pro/apps/crawler/src/robots/robots.service.spec.ts:55:12\n    at file:///home/ubuntu/worktrees/pro/node_modules/@vitest/runner/dist/chunk-hooks.js:155:11\n    at file:///home/ubuntu/worktrees/pro/node_modules/@vitest/runner/dist/chunk-hooks.js:1897:20\n    at new Promise (<anonymous>)\n    at runWithTimeout (file:///home/ubuntu/worktrees/pro/node_modules/@vitest/runner/dist/chunk-hooks.js:1863:10)\n    at runHook (file:///home/ubuntu/worktrees/pro/node_modules/@vitest/runner/dist/chunk-hooks.js:1436:51)\n    at callSuiteHook (file:///home/ubuntu/worktrees/pro/node_modules/@vitest/runner/dist/chunk-hooks.js:1442:25)\n    at callSuiteHook (file:///home/ubuntu/worktrees/pro/node_modules/@vitest/runner/dist/chunk-hooks.js:1429:21)\n    at runTest (file:///home/ubuntu/worktrees/pro/node_modules/@vitest/runner/dist/chunk-hooks.js:1566:26)\n    at runSuite (file:///home/ubuntu/worktrees/pro/node_modules/@vitest/runner/dist/chunk-hooks.js:1729:8)","ReferenceError: jest is not defined\n    at /home/ubuntu/worktrees/pro/apps/crawler/src/robots/robots.service.spec.ts:292:5\n    at file:///home/ubuntu/worktrees/pro/node_modules/@vitest/runner/dist/chunk-hooks.js:155:11\n    at file:///home/ubuntu/worktrees/pro/node_modules/@vitest/runner/dist/chunk-hooks.js:1897:20\n    at new Promise (<anonymous>)\n    at runWithTimeout (file:///home/ubuntu/worktrees/pro/node_modules/@vitest/runner/dist/chunk-hooks.js:1863:10)\n    at runHook (file:///home/ubuntu/worktrees/pro/node_modules/@vitest/runner/dist/chunk-hooks.js:1436:51)\n    at callSuiteHook (file:///home/ubuntu/worktrees/pro/node_modules/@vitest/runner/dist/chunk-hooks.js:1442:25)\n    at callSuiteHook (file:///home/ubuntu/worktrees/pro/node_modules/@vitest/runner/dist/chunk-hooks.js:1449:27)\n    at runTest (file:///home/ubuntu/worktrees/pro/node_modules/@vitest/runner/dist/chunk-hooks.js:1597:11)\n    at runSuite (file:///home/ubuntu/worktrees/pro/node_modules/@vitest/runner/dist/chunk-hooks.js:1729:8)"],"location":{"line":203,"column":5},"meta":{}},{"ancestorTitles":["RobotsService","getCrawlDelay"],"fullName":"RobotsService getCrawlDelay should return fallback delay when robots.txt is not accessible","status":"failed","title":"should return fallback delay when robots.txt is not accessible","duration":0.4847050000003037,"failureMessages":["ReferenceError: jest is not defined\n    at /home/ubuntu/worktrees/pro/apps/crawler/src/robots/robots.service.spec.ts:55:12\n    at file:///home/ubuntu/worktrees/pro/node_modules/@vitest/runner/dist/chunk-hooks.js:155:11\n    at file:///home/ubuntu/worktrees/pro/node_modules/@vitest/runner/dist/chunk-hooks.js:1897:20\n    at new Promise (<anonymous>)\n    at runWithTimeout (file:///home/ubuntu/worktrees/pro/node_modules/@vitest/runner/dist/chunk-hooks.js:1863:10)\n    at runHook (file:///home/ubuntu/worktrees/pro/node_modules/@vitest/runner/dist/chunk-hooks.js:1436:51)\n    at callSuiteHook (file:///home/ubuntu/worktrees/pro/node_modules/@vitest/runner/dist/chunk-hooks.js:1442:25)\n    at callSuiteHook (file:///home/ubuntu/worktrees/pro/node_modules/@vitest/runner/dist/chunk-hooks.js:1429:21)\n    at runTest (file:///home/ubuntu/worktrees/pro/node_modules/@vitest/runner/dist/chunk-hooks.js:1566:26)\n    at runSuite (file:///home/ubuntu/worktrees/pro/node_modules/@vitest/runner/dist/chunk-hooks.js:1729:8)","ReferenceError: jest is not defined\n    at /home/ubuntu/worktrees/pro/apps/crawler/src/robots/robots.service.spec.ts:292:5\n    at file:///home/ubuntu/worktrees/pro/node_modules/@vitest/runner/dist/chunk-hooks.js:155:11\n    at file:///home/ubuntu/worktrees/pro/node_modules/@vitest/runner/dist/chunk-hooks.js:1897:20\n    at new Promise (<anonymous>)\n    at runWithTimeout (file:///home/ubuntu/worktrees/pro/node_modules/@vitest/runner/dist/chunk-hooks.js:1863:10)\n    at runHook (file:///home/ubuntu/worktrees/pro/node_modules/@vitest/runner/dist/chunk-hooks.js:1436:51)\n    at callSuiteHook (file:///home/ubuntu/worktrees/pro/node_modules/@vitest/runner/dist/chunk-hooks.js:1442:25)\n    at callSuiteHook (file:///home/ubuntu/worktrees/pro/node_modules/@vitest/runner/dist/chunk-hooks.js:1449:27)\n    at runTest (file:///home/ubuntu/worktrees/pro/node_modules/@vitest/runner/dist/chunk-hooks.js:1597:11)\n    at runSuite (file:///home/ubuntu/worktrees/pro/node_modules/@vitest/runner/dist/chunk-hooks.js:1729:8)"],"location":{"line":219,"column":5},"meta":{}},{"ancestorTitles":["RobotsService","parseRobotsText"],"fullName":"RobotsService parseRobotsText should correctly parse basic robots.txt","status":"failed","title":"should correctly parse basic robots.txt","duration":0.41270299999996496,"failureMessages":["ReferenceError: jest is not defined\n    at /home/ubuntu/worktrees/pro/apps/crawler/src/robots/robots.service.spec.ts:55:12\n    at file:///home/ubuntu/worktrees/pro/node_modules/@vitest/runner/dist/chunk-hooks.js:155:11\n    at file:///home/ubuntu/worktrees/pro/node_modules/@vitest/runner/dist/chunk-hooks.js:1897:20\n    at new Promise (<anonymous>)\n    at runWithTimeout (file:///home/ubuntu/worktrees/pro/node_modules/@vitest/runner/dist/chunk-hooks.js:1863:10)\n    at runHook (file:///home/ubuntu/worktrees/pro/node_modules/@vitest/runner/dist/chunk-hooks.js:1436:51)\n    at callSuiteHook (file:///home/ubuntu/worktrees/pro/node_modules/@vitest/runner/dist/chunk-hooks.js:1442:25)\n    at callSuiteHook (file:///home/ubuntu/worktrees/pro/node_modules/@vitest/runner/dist/chunk-hooks.js:1429:21)\n    at runTest (file:///home/ubuntu/worktrees/pro/node_modules/@vitest/runner/dist/chunk-hooks.js:1566:26)\n    at runSuite (file:///home/ubuntu/worktrees/pro/node_modules/@vitest/runner/dist/chunk-hooks.js:1729:8)","ReferenceError: jest is not defined\n    at /home/ubuntu/worktrees/pro/apps/crawler/src/robots/robots.service.spec.ts:292:5\n    at file:///home/ubuntu/worktrees/pro/node_modules/@vitest/runner/dist/chunk-hooks.js:155:11\n    at file:///home/ubuntu/worktrees/pro/node_modules/@vitest/runner/dist/chunk-hooks.js:1897:20\n    at new Promise (<anonymous>)\n    at runWithTimeout (file:///home/ubuntu/worktrees/pro/node_modules/@vitest/runner/dist/chunk-hooks.js:1863:10)\n    at runHook (file:///home/ubuntu/worktrees/pro/node_modules/@vitest/runner/dist/chunk-hooks.js:1436:51)\n    at callSuiteHook (file:///home/ubuntu/worktrees/pro/node_modules/@vitest/runner/dist/chunk-hooks.js:1442:25)\n    at callSuiteHook (file:///home/ubuntu/worktrees/pro/node_modules/@vitest/runner/dist/chunk-hooks.js:1449:27)\n    at runTest (file:///home/ubuntu/worktrees/pro/node_modules/@vitest/runner/dist/chunk-hooks.js:1597:11)\n    at runSuite (file:///home/ubuntu/worktrees/pro/node_modules/@vitest/runner/dist/chunk-hooks.js:1729:8)"],"location":{"line":229,"column":5},"meta":{}},{"ancestorTitles":["RobotsService","caching"],"fullName":"RobotsService caching should cache robots.txt content","status":"failed","title":"should cache robots.txt content","duration":0.2941229999996722,"failureMessages":["ReferenceError: jest is not defined\n    at /home/ubuntu/worktrees/pro/apps/crawler/src/robots/robots.service.spec.ts:55:12\n    at file:///home/ubuntu/worktrees/pro/node_modules/@vitest/runner/dist/chunk-hooks.js:155:11\n    at file:///home/ubuntu/worktrees/pro/node_modules/@vitest/runner/dist/chunk-hooks.js:1897:20\n    at new Promise (<anonymous>)\n    at runWithTimeout (file:///home/ubuntu/worktrees/pro/node_modules/@vitest/runner/dist/chunk-hooks.js:1863:10)\n    at runHook (file:///home/ubuntu/worktrees/pro/node_modules/@vitest/runner/dist/chunk-hooks.js:1436:51)\n    at callSuiteHook (file:///home/ubuntu/worktrees/pro/node_modules/@vitest/runner/dist/chunk-hooks.js:1442:25)\n    at callSuiteHook (file:///home/ubuntu/worktrees/pro/node_modules/@vitest/runner/dist/chunk-hooks.js:1429:21)\n    at runTest (file:///home/ubuntu/worktrees/pro/node_modules/@vitest/runner/dist/chunk-hooks.js:1566:26)\n    at runSuite (file:///home/ubuntu/worktrees/pro/node_modules/@vitest/runner/dist/chunk-hooks.js:1729:8)","ReferenceError: jest is not defined\n    at /home/ubuntu/worktrees/pro/apps/crawler/src/robots/robots.service.spec.ts:292:5\n    at file:///home/ubuntu/worktrees/pro/node_modules/@vitest/runner/dist/chunk-hooks.js:155:11\n    at file:///home/ubuntu/worktrees/pro/node_modules/@vitest/runner/dist/chunk-hooks.js:1897:20\n    at new Promise (<anonymous>)\n    at runWithTimeout (file:///home/ubuntu/worktrees/pro/node_modules/@vitest/runner/dist/chunk-hooks.js:1863:10)\n    at runHook (file:///home/ubuntu/worktrees/pro/node_modules/@vitest/runner/dist/chunk-hooks.js:1436:51)\n    at callSuiteHook (file:///home/ubuntu/worktrees/pro/node_modules/@vitest/runner/dist/chunk-hooks.js:1442:25)\n    at callSuiteHook (file:///home/ubuntu/worktrees/pro/node_modules/@vitest/runner/dist/chunk-hooks.js:1449:27)\n    at runTest (file:///home/ubuntu/worktrees/pro/node_modules/@vitest/runner/dist/chunk-hooks.js:1597:11)\n    at runSuite (file:///home/ubuntu/worktrees/pro/node_modules/@vitest/runner/dist/chunk-hooks.js:1729:8)"],"location":{"line":266,"column":5},"meta":{}},{"ancestorTitles":["RobotsService","caching"],"fullName":"RobotsService caching should clear cache","status":"failed","title":"should clear cache","duration":0.34256600000026083,"failureMessages":["ReferenceError: jest is not defined\n    at /home/ubuntu/worktrees/pro/apps/crawler/src/robots/robots.service.spec.ts:55:12\n    at file:///home/ubuntu/worktrees/pro/node_modules/@vitest/runner/dist/chunk-hooks.js:155:11\n    at file:///home/ubuntu/worktrees/pro/node_modules/@vitest/runner/dist/chunk-hooks.js:1897:20\n    at new Promise (<anonymous>)\n    at runWithTimeout (file:///home/ubuntu/worktrees/pro/node_modules/@vitest/runner/dist/chunk-hooks.js:1863:10)\n    at runHook (file:///home/ubuntu/worktrees/pro/node_modules/@vitest/runner/dist/chunk-hooks.js:1436:51)\n    at callSuiteHook (file:///home/ubuntu/worktrees/pro/node_modules/@vitest/runner/dist/chunk-hooks.js:1442:25)\n    at callSuiteHook (file:///home/ubuntu/worktrees/pro/node_modules/@vitest/runner/dist/chunk-hooks.js:1429:21)\n    at runTest (file:///home/ubuntu/worktrees/pro/node_modules/@vitest/runner/dist/chunk-hooks.js:1566:26)\n    at runSuite (file:///home/ubuntu/worktrees/pro/node_modules/@vitest/runner/dist/chunk-hooks.js:1729:8)","ReferenceError: jest is not defined\n    at /home/ubuntu/worktrees/pro/apps/crawler/src/robots/robots.service.spec.ts:292:5\n    at file:///home/ubuntu/worktrees/pro/node_modules/@vitest/runner/dist/chunk-hooks.js:155:11\n    at file:///home/ubuntu/worktrees/pro/node_modules/@vitest/runner/dist/chunk-hooks.js:1897:20\n    at new Promise (<anonymous>)\n    at runWithTimeout (file:///home/ubuntu/worktrees/pro/node_modules/@vitest/runner/dist/chunk-hooks.js:1863:10)\n    at runHook (file:///home/ubuntu/worktrees/pro/node_modules/@vitest/runner/dist/chunk-hooks.js:1436:51)\n    at callSuiteHook (file:///home/ubuntu/worktrees/pro/node_modules/@vitest/runner/dist/chunk-hooks.js:1442:25)\n    at callSuiteHook (file:///home/ubuntu/worktrees/pro/node_modules/@vitest/runner/dist/chunk-hooks.js:1449:27)\n    at runTest (file:///home/ubuntu/worktrees/pro/node_modules/@vitest/runner/dist/chunk-hooks.js:1597:11)\n    at runSuite (file:///home/ubuntu/worktrees/pro/node_modules/@vitest/runner/dist/chunk-hooks.js:1729:8)"],"location":{"line":283,"column":5},"meta":{}}],"startTime":1760865976484,"endTime":1760865976491.3425,"status":"failed","message":"","name":"/home/ubuntu/worktrees/pro/apps/crawler/src/robots/robots.service.spec.ts"}]}